CRITICAL - 2024-04-26 10:16:56 --> CodeIgniter\HTTP\Exceptions\BadRequestException: The URI you submitted has disallowed characters: "mivi-play-5-w-portable-bluetooth-speaker-(turquoise,-mono-channel)-6"
[Method: GET, Route: product/mivi-play-5-w-portable-bluetooth-speaker-%28turquoise,-mono-channel%29-6]
in SYSTEMPATH\Router\Router.php on line 736.
 1 SYSTEMPATH\Router\Router.php(203): CodeIgniter\Router\Router->checkDisallowedChars('product/mivi-play-5-w-portable-bluetooth-speaker-(turquoise,-mono-channel)-6')
 2 SYSTEMPATH\CodeIgniter.php(834): CodeIgniter\Router\Router->handle('product/mivi-play-5-w-portable-bluetooth-speaker-(turquoise,-mono-channel)-6')
 3 SYSTEMPATH\CodeIgniter.php(457): CodeIgniter\CodeIgniter->tryToRouteIt(Object(CodeIgniter\Router\RouteCollection))
 4 SYSTEMPATH\CodeIgniter.php(355): CodeIgniter\CodeIgniter->handleRequest(null, Object(Config\Cache), false)
 5 SYSTEMPATH\Boot.php(312): CodeIgniter\CodeIgniter->run()
 6 SYSTEMPATH\Boot.php(67): CodeIgniter\Boot::runCodeIgniter(Object(CodeIgniter\CodeIgniter))
 7 FCPATH\index.php(56): CodeIgniter\Boot::bootWeb(Object(Config\Paths))
CRITICAL - 2024-04-26 10:20:53 --> CodeIgniter\HTTP\Exceptions\BadRequestException: The URI you submitted has disallowed characters: "mivi-play-5-w-portable-bluetooth-speaker-(turquoise,-mono-channel)-6"
[Method: GET, Route: product/mivi-play-5-w-portable-bluetooth-speaker-%28turquoise,-mono-channel%29-6]
in SYSTEMPATH\Router\Router.php on line 736.
 1 SYSTEMPATH\Router\Router.php(203): CodeIgniter\Router\Router->checkDisallowedChars('product/mivi-play-5-w-portable-bluetooth-speaker-(turquoise,-mono-channel)-6')
 2 SYSTEMPATH\CodeIgniter.php(834): CodeIgniter\Router\Router->handle('product/mivi-play-5-w-portable-bluetooth-speaker-(turquoise,-mono-channel)-6')
 3 SYSTEMPATH\CodeIgniter.php(457): CodeIgniter\CodeIgniter->tryToRouteIt(Object(CodeIgniter\Router\RouteCollection))
 4 SYSTEMPATH\CodeIgniter.php(355): CodeIgniter\CodeIgniter->handleRequest(null, Object(Config\Cache), false)
 5 SYSTEMPATH\Boot.php(312): CodeIgniter\CodeIgniter->run()
 6 SYSTEMPATH\Boot.php(67): CodeIgniter\Boot::runCodeIgniter(Object(CodeIgniter\CodeIgniter))
 7 FCPATH\index.php(56): CodeIgniter\Boot::bootWeb(Object(Config\Paths))
CRITICAL - 2024-04-26 10:32:34 --> CodeIgniter\HTTP\Exceptions\BadRequestException: The URI you submitted has disallowed characters: "mivi-play-5-w-portable-bluetooth-speaker-(turquoise,-mono-channel)-6"
[Method: GET, Route: product/mivi-play-5-w-portable-bluetooth-speaker-%28turquoise,-mono-channel%29-6]
in SYSTEMPATH\Router\Router.php on line 736.
 1 SYSTEMPATH\Router\Router.php(203): CodeIgniter\Router\Router->checkDisallowedChars('product/mivi-play-5-w-portable-bluetooth-speaker-(turquoise,-mono-channel)-6')
 2 SYSTEMPATH\CodeIgniter.php(834): CodeIgniter\Router\Router->handle('product/mivi-play-5-w-portable-bluetooth-speaker-(turquoise,-mono-channel)-6')
 3 SYSTEMPATH\CodeIgniter.php(457): CodeIgniter\CodeIgniter->tryToRouteIt(Object(CodeIgniter\Router\RouteCollection))
 4 SYSTEMPATH\CodeIgniter.php(355): CodeIgniter\CodeIgniter->handleRequest(null, Object(Config\Cache), false)
 5 SYSTEMPATH\Boot.php(312): CodeIgniter\CodeIgniter->run()
 6 SYSTEMPATH\Boot.php(67): CodeIgniter\Boot::runCodeIgniter(Object(CodeIgniter\CodeIgniter))
 7 FCPATH\index.php(56): CodeIgniter\Boot::bootWeb(Object(Config\Paths))
CRITICAL - 2024-04-26 10:32:51 --> CodeIgniter\HTTP\Exceptions\BadRequestException: The URI you submitted has disallowed characters: "mivi-play-5-w-portable-bluetooth-speaker-(turquoise,-mono-channel)-6"
[Method: GET, Route: product/mivi-play-5-w-portable-bluetooth-speaker-%28turquoise,-mono-channel%29-6]
in SYSTEMPATH\Router\Router.php on line 736.
 1 SYSTEMPATH\Router\Router.php(203): CodeIgniter\Router\Router->checkDisallowedChars('product/mivi-play-5-w-portable-bluetooth-speaker-(turquoise,-mono-channel)-6')
 2 SYSTEMPATH\CodeIgniter.php(834): CodeIgniter\Router\Router->handle('product/mivi-play-5-w-portable-bluetooth-speaker-(turquoise,-mono-channel)-6')
 3 SYSTEMPATH\CodeIgniter.php(457): CodeIgniter\CodeIgniter->tryToRouteIt(Object(CodeIgniter\Router\RouteCollection))
 4 SYSTEMPATH\CodeIgniter.php(355): CodeIgniter\CodeIgniter->handleRequest(null, Object(Config\Cache), false)
 5 SYSTEMPATH\Boot.php(312): CodeIgniter\CodeIgniter->run()
 6 SYSTEMPATH\Boot.php(67): CodeIgniter\Boot::runCodeIgniter(Object(CodeIgniter\CodeIgniter))
 7 FCPATH\index.php(56): CodeIgniter\Boot::bootWeb(Object(Config\Paths))
CRITICAL - 2024-04-26 10:32:53 --> CodeIgniter\HTTP\Exceptions\BadRequestException: The URI you submitted has disallowed characters: "mivi-play-5-w-portable-bluetooth-speaker-(turquoise,-mono-channel)-6"
[Method: GET, Route: product/mivi-play-5-w-portable-bluetooth-speaker-%28turquoise,-mono-channel%29-6]
in SYSTEMPATH\Router\Router.php on line 736.
 1 SYSTEMPATH\Router\Router.php(203): CodeIgniter\Router\Router->checkDisallowedChars('product/mivi-play-5-w-portable-bluetooth-speaker-(turquoise,-mono-channel)-6')
 2 SYSTEMPATH\CodeIgniter.php(834): CodeIgniter\Router\Router->handle('product/mivi-play-5-w-portable-bluetooth-speaker-(turquoise,-mono-channel)-6')
 3 SYSTEMPATH\CodeIgniter.php(457): CodeIgniter\CodeIgniter->tryToRouteIt(Object(CodeIgniter\Router\RouteCollection))
 4 SYSTEMPATH\CodeIgniter.php(355): CodeIgniter\CodeIgniter->handleRequest(null, Object(Config\Cache), false)
 5 SYSTEMPATH\Boot.php(312): CodeIgniter\CodeIgniter->run()
 6 SYSTEMPATH\Boot.php(67): CodeIgniter\Boot::runCodeIgniter(Object(CodeIgniter\CodeIgniter))
 7 FCPATH\index.php(56): CodeIgniter\Boot::bootWeb(Object(Config\Paths))
CRITICAL - 2024-04-26 10:32:54 --> CodeIgniter\HTTP\Exceptions\BadRequestException: The URI you submitted has disallowed characters: "mivi-play-5-w-portable-bluetooth-speaker-(turquoise,-mono-channel)-6"
[Method: GET, Route: product/mivi-play-5-w-portable-bluetooth-speaker-%28turquoise,-mono-channel%29-6]
in SYSTEMPATH\Router\Router.php on line 736.
 1 SYSTEMPATH\Router\Router.php(203): CodeIgniter\Router\Router->checkDisallowedChars('product/mivi-play-5-w-portable-bluetooth-speaker-(turquoise,-mono-channel)-6')
 2 SYSTEMPATH\CodeIgniter.php(834): CodeIgniter\Router\Router->handle('product/mivi-play-5-w-portable-bluetooth-speaker-(turquoise,-mono-channel)-6')
 3 SYSTEMPATH\CodeIgniter.php(457): CodeIgniter\CodeIgniter->tryToRouteIt(Object(CodeIgniter\Router\RouteCollection))
 4 SYSTEMPATH\CodeIgniter.php(355): CodeIgniter\CodeIgniter->handleRequest(null, Object(Config\Cache), false)
 5 SYSTEMPATH\Boot.php(312): CodeIgniter\CodeIgniter->run()
 6 SYSTEMPATH\Boot.php(67): CodeIgniter\Boot::runCodeIgniter(Object(CodeIgniter\CodeIgniter))
 7 FCPATH\index.php(56): CodeIgniter\Boot::bootWeb(Object(Config\Paths))
CRITICAL - 2024-04-26 10:32:54 --> CodeIgniter\HTTP\Exceptions\BadRequestException: The URI you submitted has disallowed characters: "mivi-play-5-w-portable-bluetooth-speaker-(turquoise,-mono-channel)-6"
[Method: GET, Route: product/mivi-play-5-w-portable-bluetooth-speaker-%28turquoise,-mono-channel%29-6]
in SYSTEMPATH\Router\Router.php on line 736.
 1 SYSTEMPATH\Router\Router.php(203): CodeIgniter\Router\Router->checkDisallowedChars('product/mivi-play-5-w-portable-bluetooth-speaker-(turquoise,-mono-channel)-6')
 2 SYSTEMPATH\CodeIgniter.php(834): CodeIgniter\Router\Router->handle('product/mivi-play-5-w-portable-bluetooth-speaker-(turquoise,-mono-channel)-6')
 3 SYSTEMPATH\CodeIgniter.php(457): CodeIgniter\CodeIgniter->tryToRouteIt(Object(CodeIgniter\Router\RouteCollection))
 4 SYSTEMPATH\CodeIgniter.php(355): CodeIgniter\CodeIgniter->handleRequest(null, Object(Config\Cache), false)
 5 SYSTEMPATH\Boot.php(312): CodeIgniter\CodeIgniter->run()
 6 SYSTEMPATH\Boot.php(67): CodeIgniter\Boot::runCodeIgniter(Object(CodeIgniter\CodeIgniter))
 7 FCPATH\index.php(56): CodeIgniter\Boot::bootWeb(Object(Config\Paths))
CRITICAL - 2024-04-26 10:32:54 --> CodeIgniter\HTTP\Exceptions\BadRequestException: The URI you submitted has disallowed characters: "mivi-play-5-w-portable-bluetooth-speaker-(turquoise,-mono-channel)-6"
[Method: GET, Route: product/mivi-play-5-w-portable-bluetooth-speaker-%28turquoise,-mono-channel%29-6]
in SYSTEMPATH\Router\Router.php on line 736.
 1 SYSTEMPATH\Router\Router.php(203): CodeIgniter\Router\Router->checkDisallowedChars('product/mivi-play-5-w-portable-bluetooth-speaker-(turquoise,-mono-channel)-6')
 2 SYSTEMPATH\CodeIgniter.php(834): CodeIgniter\Router\Router->handle('product/mivi-play-5-w-portable-bluetooth-speaker-(turquoise,-mono-channel)-6')
 3 SYSTEMPATH\CodeIgniter.php(457): CodeIgniter\CodeIgniter->tryToRouteIt(Object(CodeIgniter\Router\RouteCollection))
 4 SYSTEMPATH\CodeIgniter.php(355): CodeIgniter\CodeIgniter->handleRequest(null, Object(Config\Cache), false)
 5 SYSTEMPATH\Boot.php(312): CodeIgniter\CodeIgniter->run()
 6 SYSTEMPATH\Boot.php(67): CodeIgniter\Boot::runCodeIgniter(Object(CodeIgniter\CodeIgniter))
 7 FCPATH\index.php(56): CodeIgniter\Boot::bootWeb(Object(Config\Paths))
CRITICAL - 2024-04-26 10:32:54 --> CodeIgniter\HTTP\Exceptions\BadRequestException: The URI you submitted has disallowed characters: "mivi-play-5-w-portable-bluetooth-speaker-(turquoise,-mono-channel)-6"
[Method: GET, Route: product/mivi-play-5-w-portable-bluetooth-speaker-%28turquoise,-mono-channel%29-6]
in SYSTEMPATH\Router\Router.php on line 736.
 1 SYSTEMPATH\Router\Router.php(203): CodeIgniter\Router\Router->checkDisallowedChars('product/mivi-play-5-w-portable-bluetooth-speaker-(turquoise,-mono-channel)-6')
 2 SYSTEMPATH\CodeIgniter.php(834): CodeIgniter\Router\Router->handle('product/mivi-play-5-w-portable-bluetooth-speaker-(turquoise,-mono-channel)-6')
 3 SYSTEMPATH\CodeIgniter.php(457): CodeIgniter\CodeIgniter->tryToRouteIt(Object(CodeIgniter\Router\RouteCollection))
 4 SYSTEMPATH\CodeIgniter.php(355): CodeIgniter\CodeIgniter->handleRequest(null, Object(Config\Cache), false)
 5 SYSTEMPATH\Boot.php(312): CodeIgniter\CodeIgniter->run()
 6 SYSTEMPATH\Boot.php(67): CodeIgniter\Boot::runCodeIgniter(Object(CodeIgniter\CodeIgniter))
 7 FCPATH\index.php(56): CodeIgniter\Boot::bootWeb(Object(Config\Paths))
CRITICAL - 2024-04-26 10:32:54 --> CodeIgniter\HTTP\Exceptions\BadRequestException: The URI you submitted has disallowed characters: "mivi-play-5-w-portable-bluetooth-speaker-(turquoise,-mono-channel)-6"
[Method: GET, Route: product/mivi-play-5-w-portable-bluetooth-speaker-%28turquoise,-mono-channel%29-6]
in SYSTEMPATH\Router\Router.php on line 736.
 1 SYSTEMPATH\Router\Router.php(203): CodeIgniter\Router\Router->checkDisallowedChars('product/mivi-play-5-w-portable-bluetooth-speaker-(turquoise,-mono-channel)-6')
 2 SYSTEMPATH\CodeIgniter.php(834): CodeIgniter\Router\Router->handle('product/mivi-play-5-w-portable-bluetooth-speaker-(turquoise,-mono-channel)-6')
 3 SYSTEMPATH\CodeIgniter.php(457): CodeIgniter\CodeIgniter->tryToRouteIt(Object(CodeIgniter\Router\RouteCollection))
 4 SYSTEMPATH\CodeIgniter.php(355): CodeIgniter\CodeIgniter->handleRequest(null, Object(Config\Cache), false)
 5 SYSTEMPATH\Boot.php(312): CodeIgniter\CodeIgniter->run()
 6 SYSTEMPATH\Boot.php(67): CodeIgniter\Boot::runCodeIgniter(Object(CodeIgniter\CodeIgniter))
 7 FCPATH\index.php(56): CodeIgniter\Boot::bootWeb(Object(Config\Paths))
CRITICAL - 2024-04-26 10:32:54 --> CodeIgniter\HTTP\Exceptions\BadRequestException: The URI you submitted has disallowed characters: "mivi-play-5-w-portable-bluetooth-speaker-(turquoise,-mono-channel)-6"
[Method: GET, Route: product/mivi-play-5-w-portable-bluetooth-speaker-%28turquoise,-mono-channel%29-6]
in SYSTEMPATH\Router\Router.php on line 736.
 1 SYSTEMPATH\Router\Router.php(203): CodeIgniter\Router\Router->checkDisallowedChars('product/mivi-play-5-w-portable-bluetooth-speaker-(turquoise,-mono-channel)-6')
 2 SYSTEMPATH\CodeIgniter.php(834): CodeIgniter\Router\Router->handle('product/mivi-play-5-w-portable-bluetooth-speaker-(turquoise,-mono-channel)-6')
 3 SYSTEMPATH\CodeIgniter.php(457): CodeIgniter\CodeIgniter->tryToRouteIt(Object(CodeIgniter\Router\RouteCollection))
 4 SYSTEMPATH\CodeIgniter.php(355): CodeIgniter\CodeIgniter->handleRequest(null, Object(Config\Cache), false)
 5 SYSTEMPATH\Boot.php(312): CodeIgniter\CodeIgniter->run()
 6 SYSTEMPATH\Boot.php(67): CodeIgniter\Boot::runCodeIgniter(Object(CodeIgniter\CodeIgniter))
 7 FCPATH\index.php(56): CodeIgniter\Boot::bootWeb(Object(Config\Paths))
CRITICAL - 2024-04-26 10:32:54 --> CodeIgniter\HTTP\Exceptions\BadRequestException: The URI you submitted has disallowed characters: "mivi-play-5-w-portable-bluetooth-speaker-(turquoise,-mono-channel)-6"
[Method: GET, Route: product/mivi-play-5-w-portable-bluetooth-speaker-%28turquoise,-mono-channel%29-6]
in SYSTEMPATH\Router\Router.php on line 736.
 1 SYSTEMPATH\Router\Router.php(203): CodeIgniter\Router\Router->checkDisallowedChars('product/mivi-play-5-w-portable-bluetooth-speaker-(turquoise,-mono-channel)-6')
 2 SYSTEMPATH\CodeIgniter.php(834): CodeIgniter\Router\Router->handle('product/mivi-play-5-w-portable-bluetooth-speaker-(turquoise,-mono-channel)-6')
 3 SYSTEMPATH\CodeIgniter.php(457): CodeIgniter\CodeIgniter->tryToRouteIt(Object(CodeIgniter\Router\RouteCollection))
 4 SYSTEMPATH\CodeIgniter.php(355): CodeIgniter\CodeIgniter->handleRequest(null, Object(Config\Cache), false)
 5 SYSTEMPATH\Boot.php(312): CodeIgniter\CodeIgniter->run()
 6 SYSTEMPATH\Boot.php(67): CodeIgniter\Boot::runCodeIgniter(Object(CodeIgniter\CodeIgniter))
 7 FCPATH\index.php(56): CodeIgniter\Boot::bootWeb(Object(Config\Paths))
CRITICAL - 2024-04-26 10:32:55 --> CodeIgniter\HTTP\Exceptions\BadRequestException: The URI you submitted has disallowed characters: "mivi-play-5-w-portable-bluetooth-speaker-(turquoise,-mono-channel)-6"
[Method: GET, Route: product/mivi-play-5-w-portable-bluetooth-speaker-%28turquoise,-mono-channel%29-6]
in SYSTEMPATH\Router\Router.php on line 736.
 1 SYSTEMPATH\Router\Router.php(203): CodeIgniter\Router\Router->checkDisallowedChars('product/mivi-play-5-w-portable-bluetooth-speaker-(turquoise,-mono-channel)-6')
 2 SYSTEMPATH\CodeIgniter.php(834): CodeIgniter\Router\Router->handle('product/mivi-play-5-w-portable-bluetooth-speaker-(turquoise,-mono-channel)-6')
 3 SYSTEMPATH\CodeIgniter.php(457): CodeIgniter\CodeIgniter->tryToRouteIt(Object(CodeIgniter\Router\RouteCollection))
 4 SYSTEMPATH\CodeIgniter.php(355): CodeIgniter\CodeIgniter->handleRequest(null, Object(Config\Cache), false)
 5 SYSTEMPATH\Boot.php(312): CodeIgniter\CodeIgniter->run()
 6 SYSTEMPATH\Boot.php(67): CodeIgniter\Boot::runCodeIgniter(Object(CodeIgniter\CodeIgniter))
 7 FCPATH\index.php(56): CodeIgniter\Boot::bootWeb(Object(Config\Paths))
CRITICAL - 2024-04-26 10:33:02 --> CodeIgniter\HTTP\Exceptions\BadRequestException: The URI you submitted has disallowed characters: "mivi-play-w-portable-bluetooth-speaker-(turquoise,-mono-channel)-6"
[Method: GET, Route: product/mivi-play-w-portable-bluetooth-speaker-%28turquoise,-mono-channel%29-6]
in SYSTEMPATH\Router\Router.php on line 736.
 1 SYSTEMPATH\Router\Router.php(203): CodeIgniter\Router\Router->checkDisallowedChars('product/mivi-play-w-portable-bluetooth-speaker-(turquoise,-mono-channel)-6')
 2 SYSTEMPATH\CodeIgniter.php(834): CodeIgniter\Router\Router->handle('product/mivi-play-w-portable-bluetooth-speaker-(turquoise,-mono-channel)-6')
 3 SYSTEMPATH\CodeIgniter.php(457): CodeIgniter\CodeIgniter->tryToRouteIt(Object(CodeIgniter\Router\RouteCollection))
 4 SYSTEMPATH\CodeIgniter.php(355): CodeIgniter\CodeIgniter->handleRequest(null, Object(Config\Cache), false)
 5 SYSTEMPATH\Boot.php(312): CodeIgniter\CodeIgniter->run()
 6 SYSTEMPATH\Boot.php(67): CodeIgniter\Boot::runCodeIgniter(Object(CodeIgniter\CodeIgniter))
 7 FCPATH\index.php(56): CodeIgniter\Boot::bootWeb(Object(Config\Paths))
CRITICAL - 2024-04-26 10:33:07 --> CodeIgniter\HTTP\Exceptions\BadRequestException: The URI you submitted has disallowed characters: "mivi-play-w-portable-bluetooth-speaker-(turquoise,-mono-channel"
[Method: GET, Route: product/mivi-play-w-portable-bluetooth-speaker-%28turquoise,-mono-channel]
in SYSTEMPATH\Router\Router.php on line 736.
 1 SYSTEMPATH\Router\Router.php(203): CodeIgniter\Router\Router->checkDisallowedChars('product/mivi-play-w-portable-bluetooth-speaker-(turquoise,-mono-channel')
 2 SYSTEMPATH\CodeIgniter.php(834): CodeIgniter\Router\Router->handle('product/mivi-play-w-portable-bluetooth-speaker-(turquoise,-mono-channel')
 3 SYSTEMPATH\CodeIgniter.php(457): CodeIgniter\CodeIgniter->tryToRouteIt(Object(CodeIgniter\Router\RouteCollection))
 4 SYSTEMPATH\CodeIgniter.php(355): CodeIgniter\CodeIgniter->handleRequest(null, Object(Config\Cache), false)
 5 SYSTEMPATH\Boot.php(312): CodeIgniter\CodeIgniter->run()
 6 SYSTEMPATH\Boot.php(67): CodeIgniter\Boot::runCodeIgniter(Object(CodeIgniter\CodeIgniter))
 7 FCPATH\index.php(56): CodeIgniter\Boot::bootWeb(Object(Config\Paths))
CRITICAL - 2024-04-26 10:33:27 --> CodeIgniter\HTTP\Exceptions\BadRequestException: The URI you submitted has disallowed characters: "mivi-play-5-w-portable-bluetooth-speaker-(turquoise,-mono-channel)-6"
[Method: GET, Route: product/mivi-play-5-w-portable-bluetooth-speaker-%28turquoise,-mono-channel%29-6]
in SYSTEMPATH\Router\Router.php on line 736.
 1 SYSTEMPATH\Router\Router.php(203): CodeIgniter\Router\Router->checkDisallowedChars('product/mivi-play-5-w-portable-bluetooth-speaker-(turquoise,-mono-channel)-6')
 2 SYSTEMPATH\CodeIgniter.php(834): CodeIgniter\Router\Router->handle('product/mivi-play-5-w-portable-bluetooth-speaker-(turquoise,-mono-channel)-6')
 3 SYSTEMPATH\CodeIgniter.php(457): CodeIgniter\CodeIgniter->tryToRouteIt(Object(CodeIgniter\Router\RouteCollection))
 4 SYSTEMPATH\CodeIgniter.php(355): CodeIgniter\CodeIgniter->handleRequest(null, Object(Config\Cache), false)
 5 SYSTEMPATH\Boot.php(312): CodeIgniter\CodeIgniter->run()
 6 SYSTEMPATH\Boot.php(67): CodeIgniter\Boot::runCodeIgniter(Object(CodeIgniter\CodeIgniter))
 7 FCPATH\index.php(56): CodeIgniter\Boot::bootWeb(Object(Config\Paths))
CRITICAL - 2024-04-26 10:33:37 --> CodeIgniter\HTTP\Exceptions\BadRequestException: The URI you submitted has disallowed characters: "mivi-play-5-w-portable-bluetooth-speaker-(turquoise-mono-channel)-6"
[Method: GET, Route: product/mivi-play-5-w-portable-bluetooth-speaker-%28turquoise-mono-channel%29-6]
in SYSTEMPATH\Router\Router.php on line 736.
 1 SYSTEMPATH\Router\Router.php(203): CodeIgniter\Router\Router->checkDisallowedChars('product/mivi-play-5-w-portable-bluetooth-speaker-(turquoise-mono-channel)-6')
 2 SYSTEMPATH\CodeIgniter.php(834): CodeIgniter\Router\Router->handle('product/mivi-play-5-w-portable-bluetooth-speaker-(turquoise-mono-channel)-6')
 3 SYSTEMPATH\CodeIgniter.php(457): CodeIgniter\CodeIgniter->tryToRouteIt(Object(CodeIgniter\Router\RouteCollection))
 4 SYSTEMPATH\CodeIgniter.php(355): CodeIgniter\CodeIgniter->handleRequest(null, Object(Config\Cache), false)
 5 SYSTEMPATH\Boot.php(312): CodeIgniter\CodeIgniter->run()
 6 SYSTEMPATH\Boot.php(67): CodeIgniter\Boot::runCodeIgniter(Object(CodeIgniter\CodeIgniter))
 7 FCPATH\index.php(56): CodeIgniter\Boot::bootWeb(Object(Config\Paths))
CRITICAL - 2024-04-26 10:35:25 --> CodeIgniter\HTTP\Exceptions\BadRequestException: The URI you submitted has disallowed characters: "mivi-play-5-w-portable-!bluetooth-speaker-turquoise-mono-channel-6"
[Method: GET, Route: product/mivi-play-5-w-portable-%21bluetooth-speaker-turquoise-mono-channel-6]
in SYSTEMPATH\Router\Router.php on line 736.
 1 SYSTEMPATH\Router\Router.php(203): CodeIgniter\Router\Router->checkDisallowedChars('product/mivi-play-5-w-portable-!bluetooth-speaker-turquoise-mono-channel-6')
 2 SYSTEMPATH\CodeIgniter.php(834): CodeIgniter\Router\Router->handle('product/mivi-play-5-w-portable-!bluetooth-speaker-turquoise-mono-channel-6')
 3 SYSTEMPATH\CodeIgniter.php(457): CodeIgniter\CodeIgniter->tryToRouteIt(Object(CodeIgniter\Router\RouteCollection))
 4 SYSTEMPATH\CodeIgniter.php(355): CodeIgniter\CodeIgniter->handleRequest(null, Object(Config\Cache), false)
 5 SYSTEMPATH\Boot.php(312): CodeIgniter\CodeIgniter->run()
 6 SYSTEMPATH\Boot.php(67): CodeIgniter\Boot::runCodeIgniter(Object(CodeIgniter\CodeIgniter))
 7 FCPATH\index.php(56): CodeIgniter\Boot::bootWeb(Object(Config\Paths))
CRITICAL - 2024-04-26 10:47:37 --> ErrorException: Undefined array key "name"
[Method: GET, Route: product/play-5-w-portable-bluetooth-speaker--turquoise--mono-channel]
in APPPATH\Views\user\productDetails.php on line 8.
 1 APPPATH\Views\user\productDetails.php(8): CodeIgniter\Debug\Exceptions->errorHandler(2, 'Undefined array key "name"', 'C:\\xampp\\htdocs\\erp-app\\app\\Views\\user\\productDetails.php', 8)
 2 SYSTEMPATH\View\View.php(234): include('C:\\xampp\\htdocs\\erp-app\\app\\Views\\user\\productDetails.php')
 3 SYSTEMPATH\View\View.php(237): CodeIgniter\View\View->CodeIgniter\View\{closure}()
 4 SYSTEMPATH\Common.php(1171): CodeIgniter\View\View->render('user/productDetails', [], true)
 5 APPPATH\Controllers\BaseController.php(95): view('user/productDetails', [...])
 6 APPPATH\Controllers\UserController.php(42): App\Controllers\BaseController->randerPage('user/productDetails', [...])
 7 SYSTEMPATH\CodeIgniter.php(933): App\Controllers\UserController->productDetails('play-5-w-portable-bluetooth-speaker--turquoise--mono-channel')
 8 SYSTEMPATH\CodeIgniter.php(509): CodeIgniter\CodeIgniter->runController(Object(App\Controllers\UserController))
 9 SYSTEMPATH\CodeIgniter.php(355): CodeIgniter\CodeIgniter->handleRequest(null, Object(Config\Cache), false)
10 SYSTEMPATH\Boot.php(312): CodeIgniter\CodeIgniter->run()
11 SYSTEMPATH\Boot.php(67): CodeIgniter\Boot::runCodeIgniter(Object(CodeIgniter\CodeIgniter))
12 FCPATH\index.php(56): CodeIgniter\Boot::bootWeb(Object(Config\Paths))
CRITICAL - 2024-04-26 10:48:11 --> ErrorException: Undefined array key "name"
[Method: GET, Route: product/play-5-w-portable-bluetooth-speaker--turquoise--mono-channel]
in APPPATH\Views\user\productDetails.php on line 8.
 1 APPPATH\Views\user\productDetails.php(8): CodeIgniter\Debug\Exceptions->errorHandler(2, 'Undefined array key "name"', 'C:\\xampp\\htdocs\\erp-app\\app\\Views\\user\\productDetails.php', 8)
 2 SYSTEMPATH\View\View.php(234): include('C:\\xampp\\htdocs\\erp-app\\app\\Views\\user\\productDetails.php')
 3 SYSTEMPATH\View\View.php(237): CodeIgniter\View\View->CodeIgniter\View\{closure}()
 4 SYSTEMPATH\Common.php(1171): CodeIgniter\View\View->render('user/productDetails', [], true)
 5 APPPATH\Controllers\BaseController.php(95): view('user/productDetails', [...])
 6 APPPATH\Controllers\UserController.php(42): App\Controllers\BaseController->randerPage('user/productDetails', [...])
 7 SYSTEMPATH\CodeIgniter.php(933): App\Controllers\UserController->productDetails('play-5-w-portable-bluetooth-speaker--turquoise--mono-channel')
 8 SYSTEMPATH\CodeIgniter.php(509): CodeIgniter\CodeIgniter->runController(Object(App\Controllers\UserController))
 9 SYSTEMPATH\CodeIgniter.php(355): CodeIgniter\CodeIgniter->handleRequest(null, Object(Config\Cache), false)
10 SYSTEMPATH\Boot.php(312): CodeIgniter\CodeIgniter->run()
11 SYSTEMPATH\Boot.php(67): CodeIgniter\Boot::runCodeIgniter(Object(CodeIgniter\CodeIgniter))
12 FCPATH\index.php(56): CodeIgniter\Boot::bootWeb(Object(Config\Paths))
