CRITICAL - 2024-04-25 07:41:12 --> ParseError: syntax error, unexpected token "=", expecting "]"
[Method: GET, Route: admin/]
in APPPATH\Controllers\AuthController.php on line 39.
 1 SYSTEMPATH\Autoloader\Autoloader.php(296): CodeIgniter\Autoloader\Autoloader->includeFile('C:\\xampp\\htdocs\\erp-app\\app\\Controllers\\AuthController.php')
 2 SYSTEMPATH\Autoloader\Autoloader.php(272): CodeIgniter\Autoloader\Autoloader->loadInNamespace('App\\Controllers\\AuthController')
 3 [internal function]: CodeIgniter\Autoloader\Autoloader->loadClass('App\\Controllers\\AuthController')
 4 SYSTEMPATH\CodeIgniter.php(887): class_exists('\\App\\Controllers\\AuthController', true)
 5 SYSTEMPATH\CodeIgniter.php(496): CodeIgniter\CodeIgniter->startController()
 6 SYSTEMPATH\CodeIgniter.php(355): CodeIgniter\CodeIgniter->handleRequest(null, Object(Config\Cache), false)
 7 SYSTEMPATH\Boot.php(312): CodeIgniter\CodeIgniter->run()
 8 SYSTEMPATH\Boot.php(67): CodeIgniter\Boot::runCodeIgniter(Object(CodeIgniter\CodeIgniter))
 9 FCPATH\index.php(56): CodeIgniter\Boot::bootWeb(Object(Config\Paths))
CRITICAL - 2024-04-25 07:41:15 --> ParseError: syntax error, unexpected token "=", expecting "]"
[Method: GET, Route: admin/]
in APPPATH\Controllers\AuthController.php on line 39.
 1 SYSTEMPATH\Autoloader\Autoloader.php(296): CodeIgniter\Autoloader\Autoloader->includeFile('C:\\xampp\\htdocs\\erp-app\\app\\Controllers\\AuthController.php')
 2 SYSTEMPATH\Autoloader\Autoloader.php(272): CodeIgniter\Autoloader\Autoloader->loadInNamespace('App\\Controllers\\AuthController')
 3 [internal function]: CodeIgniter\Autoloader\Autoloader->loadClass('App\\Controllers\\AuthController')
 4 SYSTEMPATH\CodeIgniter.php(887): class_exists('\\App\\Controllers\\AuthController', true)
 5 SYSTEMPATH\CodeIgniter.php(496): CodeIgniter\CodeIgniter->startController()
 6 SYSTEMPATH\CodeIgniter.php(355): CodeIgniter\CodeIgniter->handleRequest(null, Object(Config\Cache), false)
 7 SYSTEMPATH\Boot.php(312): CodeIgniter\CodeIgniter->run()
 8 SYSTEMPATH\Boot.php(67): CodeIgniter\Boot::runCodeIgniter(Object(CodeIgniter\CodeIgniter))
 9 FCPATH\index.php(56): CodeIgniter\Boot::bootWeb(Object(Config\Paths))
CRITICAL - 2024-04-25 08:11:36 --> BadMethodCallException: Call to undefined method App\Models\UserModel::create
[Method: POST, Route: admin/signup]
in SYSTEMPATH\Model.php on line 921.
 1 APPPATH\Controllers\AuthController.php(54): CodeIgniter\Model->__call('create', [...])
 2 SYSTEMPATH\CodeIgniter.php(933): App\Controllers\AuthController->signup()
 3 SYSTEMPATH\CodeIgniter.php(509): CodeIgniter\CodeIgniter->runController(Object(App\Controllers\AuthController))
 4 SYSTEMPATH\CodeIgniter.php(355): CodeIgniter\CodeIgniter->handleRequest(null, Object(Config\Cache), false)
 5 SYSTEMPATH\Boot.php(312): CodeIgniter\CodeIgniter->run()
 6 SYSTEMPATH\Boot.php(67): CodeIgniter\Boot::runCodeIgniter(Object(CodeIgniter\CodeIgniter))
 7 FCPATH\index.php(56): CodeIgniter\Boot::bootWeb(Object(Config\Paths))
CRITICAL - 2024-04-25 08:13:49 --> BadMethodCallException: Call to undefined method App\Models\UserModel::create
[Method: POST, Route: admin/signup]
in SYSTEMPATH\Model.php on line 921.
 1 APPPATH\Controllers\AuthController.php(54): CodeIgniter\Model->__call('create', [...])
 2 SYSTEMPATH\CodeIgniter.php(933): App\Controllers\AuthController->signup()
 3 SYSTEMPATH\CodeIgniter.php(509): CodeIgniter\CodeIgniter->runController(Object(App\Controllers\AuthController))
 4 SYSTEMPATH\CodeIgniter.php(355): CodeIgniter\CodeIgniter->handleRequest(null, Object(Config\Cache), false)
 5 SYSTEMPATH\Boot.php(312): CodeIgniter\CodeIgniter->run()
 6 SYSTEMPATH\Boot.php(67): CodeIgniter\Boot::runCodeIgniter(Object(CodeIgniter\CodeIgniter))
 7 FCPATH\index.php(56): CodeIgniter\Boot::bootWeb(Object(Config\Paths))
CRITICAL - 2024-04-25 08:14:20 --> BadMethodCallException: Call to undefined method App\Models\UserModel::create
[Method: POST, Route: admin/signup]
in SYSTEMPATH\Model.php on line 921.
 1 APPPATH\Controllers\AuthController.php(59): CodeIgniter\Model->__call('create', [...])
 2 SYSTEMPATH\CodeIgniter.php(933): App\Controllers\AuthController->signup()
 3 SYSTEMPATH\CodeIgniter.php(509): CodeIgniter\CodeIgniter->runController(Object(App\Controllers\AuthController))
 4 SYSTEMPATH\CodeIgniter.php(355): CodeIgniter\CodeIgniter->handleRequest(null, Object(Config\Cache), false)
 5 SYSTEMPATH\Boot.php(312): CodeIgniter\CodeIgniter->run()
 6 SYSTEMPATH\Boot.php(67): CodeIgniter\Boot::runCodeIgniter(Object(CodeIgniter\CodeIgniter))
 7 FCPATH\index.php(56): CodeIgniter\Boot::bootWeb(Object(Config\Paths))
CRITICAL - 2024-04-25 08:15:01 --> ErrorException: Undefined property: CodeIgniter\Database\MySQLi\Builder::$dateFormat
[Method: POST, Route: admin/signup]
in SYSTEMPATH\BaseModel.php on line 1405.
 1 SYSTEMPATH\BaseModel.php(1405): CodeIgniter\Debug\Exceptions->errorHandler(2, 'Undefined property: CodeIgniter\\Database\\MySQLi\\Builder::$dateFormat', 'C:\\xampp\\htdocs\\erp-app\\system\\BaseModel.php', 1405)
 2 SYSTEMPATH\BaseModel.php(1381): CodeIgniter\BaseModel->intToDate(1714032901)
 3 SYSTEMPATH\BaseModel.php(830): CodeIgniter\BaseModel->setDate()
 4 SYSTEMPATH\Model.php(791): CodeIgniter\BaseModel->insert([...], false)
 5 SYSTEMPATH\BaseModel.php(751): CodeIgniter\Model->insert([...], false)
 6 APPPATH\Controllers\AuthController.php(59): CodeIgniter\BaseModel->save([...])
 7 SYSTEMPATH\CodeIgniter.php(933): App\Controllers\AuthController->signup()
 8 SYSTEMPATH\CodeIgniter.php(509): CodeIgniter\CodeIgniter->runController(Object(App\Controllers\AuthController))
 9 SYSTEMPATH\CodeIgniter.php(355): CodeIgniter\CodeIgniter->handleRequest(null, Object(Config\Cache), false)
10 SYSTEMPATH\Boot.php(312): CodeIgniter\CodeIgniter->run()
11 SYSTEMPATH\Boot.php(67): CodeIgniter\Boot::runCodeIgniter(Object(CodeIgniter\CodeIgniter))
12 FCPATH\index.php(56): CodeIgniter\Boot::bootWeb(Object(Config\Paths))
CRITICAL - 2024-04-25 08:15:02 --> ErrorException: Undefined property: CodeIgniter\Database\MySQLi\Builder::$dateFormat
[Method: POST, Route: admin/signup]
in SYSTEMPATH\BaseModel.php on line 1405.
 1 SYSTEMPATH\BaseModel.php(1405): CodeIgniter\Debug\Exceptions->errorHandler(2, 'Undefined property: CodeIgniter\\Database\\MySQLi\\Builder::$dateFormat', 'C:\\xampp\\htdocs\\erp-app\\system\\BaseModel.php', 1405)
 2 SYSTEMPATH\BaseModel.php(1381): CodeIgniter\BaseModel->intToDate(1714032902)
 3 SYSTEMPATH\BaseModel.php(830): CodeIgniter\BaseModel->setDate()
 4 SYSTEMPATH\Model.php(791): CodeIgniter\BaseModel->insert([...], false)
 5 SYSTEMPATH\BaseModel.php(751): CodeIgniter\Model->insert([...], false)
 6 APPPATH\Controllers\AuthController.php(59): CodeIgniter\BaseModel->save([...])
 7 SYSTEMPATH\CodeIgniter.php(933): App\Controllers\AuthController->signup()
 8 SYSTEMPATH\CodeIgniter.php(509): CodeIgniter\CodeIgniter->runController(Object(App\Controllers\AuthController))
 9 SYSTEMPATH\CodeIgniter.php(355): CodeIgniter\CodeIgniter->handleRequest(null, Object(Config\Cache), false)
10 SYSTEMPATH\Boot.php(312): CodeIgniter\CodeIgniter->run()
11 SYSTEMPATH\Boot.php(67): CodeIgniter\Boot::runCodeIgniter(Object(CodeIgniter\CodeIgniter))
12 FCPATH\index.php(56): CodeIgniter\Boot::bootWeb(Object(Config\Paths))
CRITICAL - 2024-04-25 08:16:11 --> Error: Call to undefined method App\Models\UserModel::create()
[Method: POST, Route: admin/signup]
in APPPATH\Controllers\AuthController.php on line 59.
 1 SYSTEMPATH\CodeIgniter.php(933): App\Controllers\AuthController->signup()
 2 SYSTEMPATH\CodeIgniter.php(509): CodeIgniter\CodeIgniter->runController(Object(App\Controllers\AuthController))
 3 SYSTEMPATH\CodeIgniter.php(355): CodeIgniter\CodeIgniter->handleRequest(null, Object(Config\Cache), false)
 4 SYSTEMPATH\Boot.php(312): CodeIgniter\CodeIgniter->run()
 5 SYSTEMPATH\Boot.php(67): CodeIgniter\Boot::runCodeIgniter(Object(CodeIgniter\CodeIgniter))
 6 FCPATH\index.php(56): CodeIgniter\Boot::bootWeb(Object(Config\Paths))
CRITICAL - 2024-04-25 08:16:13 --> Error: Call to undefined method App\Models\UserModel::create()
[Method: POST, Route: admin/signup]
in APPPATH\Controllers\AuthController.php on line 59.
 1 SYSTEMPATH\CodeIgniter.php(933): App\Controllers\AuthController->signup()
 2 SYSTEMPATH\CodeIgniter.php(509): CodeIgniter\CodeIgniter->runController(Object(App\Controllers\AuthController))
 3 SYSTEMPATH\CodeIgniter.php(355): CodeIgniter\CodeIgniter->handleRequest(null, Object(Config\Cache), false)
 4 SYSTEMPATH\Boot.php(312): CodeIgniter\CodeIgniter->run()
 5 SYSTEMPATH\Boot.php(67): CodeIgniter\Boot::runCodeIgniter(Object(CodeIgniter\CodeIgniter))
 6 FCPATH\index.php(56): CodeIgniter\Boot::bootWeb(Object(Config\Paths))
CRITICAL - 2024-04-25 14:29:30 --> CodeIgniter\HTTP\Exceptions\BadRequestException: The URI you submitted has disallowed characters: "mivi-play-5-w-portable-bluetooth-speaker-(turquoise,-mono-channel)-6"
[Method: GET, Route: product/mivi-play-5-w-portable-bluetooth-speaker-%28turquoise,-mono-channel%29-6]
in SYSTEMPATH\Router\Router.php on line 736.
 1 SYSTEMPATH\Router\Router.php(203): CodeIgniter\Router\Router->checkDisallowedChars('product/mivi-play-5-w-portable-bluetooth-speaker-(turquoise,-mono-channel)-6')
 2 SYSTEMPATH\CodeIgniter.php(834): CodeIgniter\Router\Router->handle('product/mivi-play-5-w-portable-bluetooth-speaker-(turquoise,-mono-channel)-6')
 3 SYSTEMPATH\CodeIgniter.php(457): CodeIgniter\CodeIgniter->tryToRouteIt(Object(CodeIgniter\Router\RouteCollection))
 4 SYSTEMPATH\CodeIgniter.php(355): CodeIgniter\CodeIgniter->handleRequest(null, Object(Config\Cache), false)
 5 SYSTEMPATH\Boot.php(312): CodeIgniter\CodeIgniter->run()
 6 SYSTEMPATH\Boot.php(67): CodeIgniter\Boot::runCodeIgniter(Object(CodeIgniter\CodeIgniter))
 7 FCPATH\index.php(56): CodeIgniter\Boot::bootWeb(Object(Config\Paths))
CRITICAL - 2024-04-25 14:29:35 --> CodeIgniter\HTTP\Exceptions\BadRequestException: The URI you submitted has disallowed characters: "mivi-play-5-w-portable-bluetooth-speaker-(turquoise,-mono-channel)-6"
[Method: GET, Route: product/mivi-play-5-w-portable-bluetooth-speaker-%28turquoise,-mono-channel%29-6]
in SYSTEMPATH\Router\Router.php on line 736.
 1 SYSTEMPATH\Router\Router.php(203): CodeIgniter\Router\Router->checkDisallowedChars('product/mivi-play-5-w-portable-bluetooth-speaker-(turquoise,-mono-channel)-6')
 2 SYSTEMPATH\CodeIgniter.php(834): CodeIgniter\Router\Router->handle('product/mivi-play-5-w-portable-bluetooth-speaker-(turquoise,-mono-channel)-6')
 3 SYSTEMPATH\CodeIgniter.php(457): CodeIgniter\CodeIgniter->tryToRouteIt(Object(CodeIgniter\Router\RouteCollection))
 4 SYSTEMPATH\CodeIgniter.php(355): CodeIgniter\CodeIgniter->handleRequest(null, Object(Config\Cache), false)
 5 SYSTEMPATH\Boot.php(312): CodeIgniter\CodeIgniter->run()
 6 SYSTEMPATH\Boot.php(67): CodeIgniter\Boot::runCodeIgniter(Object(CodeIgniter\CodeIgniter))
 7 FCPATH\index.php(56): CodeIgniter\Boot::bootWeb(Object(Config\Paths))
CRITICAL - 2024-04-25 14:29:36 --> CodeIgniter\HTTP\Exceptions\BadRequestException: The URI you submitted has disallowed characters: "mivi-play-5-w-portable-bluetooth-speaker-(turquoise,-mono-channel)-6"
[Method: GET, Route: product/mivi-play-5-w-portable-bluetooth-speaker-%28turquoise,-mono-channel%29-6]
in SYSTEMPATH\Router\Router.php on line 736.
 1 SYSTEMPATH\Router\Router.php(203): CodeIgniter\Router\Router->checkDisallowedChars('product/mivi-play-5-w-portable-bluetooth-speaker-(turquoise,-mono-channel)-6')
 2 SYSTEMPATH\CodeIgniter.php(834): CodeIgniter\Router\Router->handle('product/mivi-play-5-w-portable-bluetooth-speaker-(turquoise,-mono-channel)-6')
 3 SYSTEMPATH\CodeIgniter.php(457): CodeIgniter\CodeIgniter->tryToRouteIt(Object(CodeIgniter\Router\RouteCollection))
 4 SYSTEMPATH\CodeIgniter.php(355): CodeIgniter\CodeIgniter->handleRequest(null, Object(Config\Cache), false)
 5 SYSTEMPATH\Boot.php(312): CodeIgniter\CodeIgniter->run()
 6 SYSTEMPATH\Boot.php(67): CodeIgniter\Boot::runCodeIgniter(Object(CodeIgniter\CodeIgniter))
 7 FCPATH\index.php(56): CodeIgniter\Boot::bootWeb(Object(Config\Paths))
CRITICAL - 2024-04-25 14:29:42 --> CodeIgniter\HTTP\Exceptions\BadRequestException: The URI you submitted has disallowed characters: "mivi-play-5-w-portable-bluetooth-speaker-(turquoise,-mono-channel)-6"
[Method: GET, Route: product/mivi-play-5-w-portable-bluetooth-speaker-%28turquoise,-mono-channel%29-6]
in SYSTEMPATH\Router\Router.php on line 736.
 1 SYSTEMPATH\Router\Router.php(203): CodeIgniter\Router\Router->checkDisallowedChars('product/mivi-play-5-w-portable-bluetooth-speaker-(turquoise,-mono-channel)-6')
 2 SYSTEMPATH\CodeIgniter.php(834): CodeIgniter\Router\Router->handle('product/mivi-play-5-w-portable-bluetooth-speaker-(turquoise,-mono-channel)-6')
 3 SYSTEMPATH\CodeIgniter.php(457): CodeIgniter\CodeIgniter->tryToRouteIt(Object(CodeIgniter\Router\RouteCollection))
 4 SYSTEMPATH\CodeIgniter.php(355): CodeIgniter\CodeIgniter->handleRequest(null, Object(Config\Cache), false)
 5 SYSTEMPATH\Boot.php(312): CodeIgniter\CodeIgniter->run()
 6 SYSTEMPATH\Boot.php(67): CodeIgniter\Boot::runCodeIgniter(Object(CodeIgniter\CodeIgniter))
 7 FCPATH\index.php(56): CodeIgniter\Boot::bootWeb(Object(Config\Paths))
CRITICAL - 2024-04-25 14:31:15 --> CodeIgniter\HTTP\Exceptions\BadRequestException: The URI you submitted has disallowed characters: "mivi-play-5-w-portable-bluetooth-speaker-(turquoise,-mono-channel)-6"
[Method: GET, Route: product/mivi-play-5-w-portable-bluetooth-speaker-%28turquoise,-mono-channel%29-6]
in SYSTEMPATH\Router\Router.php on line 736.
 1 SYSTEMPATH\Router\Router.php(203): CodeIgniter\Router\Router->checkDisallowedChars('product/mivi-play-5-w-portable-bluetooth-speaker-(turquoise,-mono-channel)-6')
 2 SYSTEMPATH\CodeIgniter.php(834): CodeIgniter\Router\Router->handle('product/mivi-play-5-w-portable-bluetooth-speaker-(turquoise,-mono-channel)-6')
 3 SYSTEMPATH\CodeIgniter.php(457): CodeIgniter\CodeIgniter->tryToRouteIt(Object(CodeIgniter\Router\RouteCollection))
 4 SYSTEMPATH\CodeIgniter.php(355): CodeIgniter\CodeIgniter->handleRequest(null, Object(Config\Cache), false)
 5 SYSTEMPATH\Boot.php(312): CodeIgniter\CodeIgniter->run()
 6 SYSTEMPATH\Boot.php(67): CodeIgniter\Boot::runCodeIgniter(Object(CodeIgniter\CodeIgniter))
 7 FCPATH\index.php(56): CodeIgniter\Boot::bootWeb(Object(Config\Paths))
CRITICAL - 2024-04-25 14:31:17 --> CodeIgniter\HTTP\Exceptions\BadRequestException: The URI you submitted has disallowed characters: "mivi-play-5-w-portable-bluetooth-speaker-(turquoise,-mono-channel)-6"
[Method: GET, Route: product/mivi-play-5-w-portable-bluetooth-speaker-%28turquoise,-mono-channel%29-6]
in SYSTEMPATH\Router\Router.php on line 736.
 1 SYSTEMPATH\Router\Router.php(203): CodeIgniter\Router\Router->checkDisallowedChars('product/mivi-play-5-w-portable-bluetooth-speaker-(turquoise,-mono-channel)-6')
 2 SYSTEMPATH\CodeIgniter.php(834): CodeIgniter\Router\Router->handle('product/mivi-play-5-w-portable-bluetooth-speaker-(turquoise,-mono-channel)-6')
 3 SYSTEMPATH\CodeIgniter.php(457): CodeIgniter\CodeIgniter->tryToRouteIt(Object(CodeIgniter\Router\RouteCollection))
 4 SYSTEMPATH\CodeIgniter.php(355): CodeIgniter\CodeIgniter->handleRequest(null, Object(Config\Cache), false)
 5 SYSTEMPATH\Boot.php(312): CodeIgniter\CodeIgniter->run()
 6 SYSTEMPATH\Boot.php(67): CodeIgniter\Boot::runCodeIgniter(Object(CodeIgniter\CodeIgniter))
 7 FCPATH\index.php(56): CodeIgniter\Boot::bootWeb(Object(Config\Paths))
CRITICAL - 2024-04-25 14:34:49 --> CodeIgniter\HTTP\Exceptions\BadRequestException: The URI you submitted has disallowed characters: "mivi-play-5-w-portable-bluetooth-speaker-(turquoise,-mono-channel)-6"
[Method: GET, Route: product/mivi-play-5-w-portable-bluetooth-speaker-%28turquoise,-mono-channel%29-6]
in SYSTEMPATH\Router\Router.php on line 736.
 1 SYSTEMPATH\Router\Router.php(203): CodeIgniter\Router\Router->checkDisallowedChars('product/mivi-play-5-w-portable-bluetooth-speaker-(turquoise,-mono-channel)-6')
 2 SYSTEMPATH\CodeIgniter.php(834): CodeIgniter\Router\Router->handle('product/mivi-play-5-w-portable-bluetooth-speaker-(turquoise,-mono-channel)-6')
 3 SYSTEMPATH\CodeIgniter.php(457): CodeIgniter\CodeIgniter->tryToRouteIt(Object(CodeIgniter\Router\RouteCollection))
 4 SYSTEMPATH\CodeIgniter.php(355): CodeIgniter\CodeIgniter->handleRequest(null, Object(Config\Cache), false)
 5 SYSTEMPATH\Boot.php(312): CodeIgniter\CodeIgniter->run()
 6 SYSTEMPATH\Boot.php(67): CodeIgniter\Boot::runCodeIgniter(Object(CodeIgniter\CodeIgniter))
 7 FCPATH\index.php(56): CodeIgniter\Boot::bootWeb(Object(Config\Paths))
CRITICAL - 2024-04-25 14:34:52 --> CodeIgniter\HTTP\Exceptions\BadRequestException: The URI you submitted has disallowed characters: "mivi-play-5-w-portable-bluetooth-speaker-(turquoise,-mono-channel)-6"
[Method: GET, Route: product/mivi-play-5-w-portable-bluetooth-speaker-%28turquoise,-mono-channel%29-6]
in SYSTEMPATH\Router\Router.php on line 736.
 1 SYSTEMPATH\Router\Router.php(203): CodeIgniter\Router\Router->checkDisallowedChars('product/mivi-play-5-w-portable-bluetooth-speaker-(turquoise,-mono-channel)-6')
 2 SYSTEMPATH\CodeIgniter.php(834): CodeIgniter\Router\Router->handle('product/mivi-play-5-w-portable-bluetooth-speaker-(turquoise,-mono-channel)-6')
 3 SYSTEMPATH\CodeIgniter.php(457): CodeIgniter\CodeIgniter->tryToRouteIt(Object(CodeIgniter\Router\RouteCollection))
 4 SYSTEMPATH\CodeIgniter.php(355): CodeIgniter\CodeIgniter->handleRequest(null, Object(Config\Cache), false)
 5 SYSTEMPATH\Boot.php(312): CodeIgniter\CodeIgniter->run()
 6 SYSTEMPATH\Boot.php(67): CodeIgniter\Boot::runCodeIgniter(Object(CodeIgniter\CodeIgniter))
 7 FCPATH\index.php(56): CodeIgniter\Boot::bootWeb(Object(Config\Paths))
CRITICAL - 2024-04-25 14:36:09 --> CodeIgniter\HTTP\Exceptions\BadRequestException: The URI you submitted has disallowed characters: "mivi-play-5-w-portable-bluetooth-speaker-(turquoise,-mono-channel)-6"
[Method: GET, Route: product/mivi-play-5-w-portable-bluetooth-speaker-%28turquoise,-mono-channel%29-6]
in SYSTEMPATH\Router\Router.php on line 736.
 1 SYSTEMPATH\Router\Router.php(203): CodeIgniter\Router\Router->checkDisallowedChars('product/mivi-play-5-w-portable-bluetooth-speaker-(turquoise,-mono-channel)-6')
 2 SYSTEMPATH\CodeIgniter.php(834): CodeIgniter\Router\Router->handle('product/mivi-play-5-w-portable-bluetooth-speaker-(turquoise,-mono-channel)-6')
 3 SYSTEMPATH\CodeIgniter.php(457): CodeIgniter\CodeIgniter->tryToRouteIt(Object(CodeIgniter\Router\RouteCollection))
 4 SYSTEMPATH\CodeIgniter.php(355): CodeIgniter\CodeIgniter->handleRequest(null, Object(Config\Cache), false)
 5 SYSTEMPATH\Boot.php(312): CodeIgniter\CodeIgniter->run()
 6 SYSTEMPATH\Boot.php(67): CodeIgniter\Boot::runCodeIgniter(Object(CodeIgniter\CodeIgniter))
 7 FCPATH\index.php(56): CodeIgniter\Boot::bootWeb(Object(Config\Paths))
CRITICAL - 2024-04-25 14:36:10 --> CodeIgniter\HTTP\Exceptions\BadRequestException: The URI you submitted has disallowed characters: "mivi-play-5-w-portable-bluetooth-speaker-(turquoise,-mono-channel)-6"
[Method: GET, Route: product/mivi-play-5-w-portable-bluetooth-speaker-%28turquoise,-mono-channel%29-6]
in SYSTEMPATH\Router\Router.php on line 736.
 1 SYSTEMPATH\Router\Router.php(203): CodeIgniter\Router\Router->checkDisallowedChars('product/mivi-play-5-w-portable-bluetooth-speaker-(turquoise,-mono-channel)-6')
 2 SYSTEMPATH\CodeIgniter.php(834): CodeIgniter\Router\Router->handle('product/mivi-play-5-w-portable-bluetooth-speaker-(turquoise,-mono-channel)-6')
 3 SYSTEMPATH\CodeIgniter.php(457): CodeIgniter\CodeIgniter->tryToRouteIt(Object(CodeIgniter\Router\RouteCollection))
 4 SYSTEMPATH\CodeIgniter.php(355): CodeIgniter\CodeIgniter->handleRequest(null, Object(Config\Cache), false)
 5 SYSTEMPATH\Boot.php(312): CodeIgniter\CodeIgniter->run()
 6 SYSTEMPATH\Boot.php(67): CodeIgniter\Boot::runCodeIgniter(Object(CodeIgniter\CodeIgniter))
 7 FCPATH\index.php(56): CodeIgniter\Boot::bootWeb(Object(Config\Paths))
CRITICAL - 2024-04-25 14:36:28 --> CodeIgniter\HTTP\Exceptions\BadRequestException: The URI you submitted has disallowed characters: "mivi-play-5-w-portable-bluetooth-speaker-(turquoise,-mono-channel)-6"
[Method: GET, Route: product/mivi-play-5-w-portable-bluetooth-speaker-%28turquoise,-mono-channel%29-6]
in SYSTEMPATH\Router\Router.php on line 736.
 1 SYSTEMPATH\Router\Router.php(203): CodeIgniter\Router\Router->checkDisallowedChars('product/mivi-play-5-w-portable-bluetooth-speaker-(turquoise,-mono-channel)-6')
 2 SYSTEMPATH\CodeIgniter.php(834): CodeIgniter\Router\Router->handle('product/mivi-play-5-w-portable-bluetooth-speaker-(turquoise,-mono-channel)-6')
 3 SYSTEMPATH\CodeIgniter.php(457): CodeIgniter\CodeIgniter->tryToRouteIt(Object(CodeIgniter\Router\RouteCollection))
 4 SYSTEMPATH\CodeIgniter.php(355): CodeIgniter\CodeIgniter->handleRequest(null, Object(Config\Cache), false)
 5 SYSTEMPATH\Boot.php(312): CodeIgniter\CodeIgniter->run()
 6 SYSTEMPATH\Boot.php(67): CodeIgniter\Boot::runCodeIgniter(Object(CodeIgniter\CodeIgniter))
 7 FCPATH\index.php(56): CodeIgniter\Boot::bootWeb(Object(Config\Paths))
CRITICAL - 2024-04-25 14:36:43 --> CodeIgniter\HTTP\Exceptions\BadRequestException: The URI you submitted has disallowed characters: "mivi-play-5-w-portable-bluetooth-speaker-(turquoise,-mono-channel)-6"
[Method: GET, Route: product/mivi-play-5-w-portable-bluetooth-speaker-%28turquoise,-mono-channel%29-6]
in SYSTEMPATH\Router\Router.php on line 736.
 1 SYSTEMPATH\Router\Router.php(203): CodeIgniter\Router\Router->checkDisallowedChars('product/mivi-play-5-w-portable-bluetooth-speaker-(turquoise,-mono-channel)-6')
 2 SYSTEMPATH\CodeIgniter.php(834): CodeIgniter\Router\Router->handle('product/mivi-play-5-w-portable-bluetooth-speaker-(turquoise,-mono-channel)-6')
 3 SYSTEMPATH\CodeIgniter.php(457): CodeIgniter\CodeIgniter->tryToRouteIt(Object(CodeIgniter\Router\RouteCollection))
 4 SYSTEMPATH\CodeIgniter.php(355): CodeIgniter\CodeIgniter->handleRequest(null, Object(Config\Cache), false)
 5 SYSTEMPATH\Boot.php(312): CodeIgniter\CodeIgniter->run()
 6 SYSTEMPATH\Boot.php(67): CodeIgniter\Boot::runCodeIgniter(Object(CodeIgniter\CodeIgniter))
 7 FCPATH\index.php(56): CodeIgniter\Boot::bootWeb(Object(Config\Paths))
CRITICAL - 2024-04-25 14:36:44 --> CodeIgniter\HTTP\Exceptions\BadRequestException: The URI you submitted has disallowed characters: "mivi-play-5-w-portable-bluetooth-speaker-(turquoise,-mono-channel)-6"
[Method: GET, Route: product/mivi-play-5-w-portable-bluetooth-speaker-%28turquoise,-mono-channel%29-6]
in SYSTEMPATH\Router\Router.php on line 736.
 1 SYSTEMPATH\Router\Router.php(203): CodeIgniter\Router\Router->checkDisallowedChars('product/mivi-play-5-w-portable-bluetooth-speaker-(turquoise,-mono-channel)-6')
 2 SYSTEMPATH\CodeIgniter.php(834): CodeIgniter\Router\Router->handle('product/mivi-play-5-w-portable-bluetooth-speaker-(turquoise,-mono-channel)-6')
 3 SYSTEMPATH\CodeIgniter.php(457): CodeIgniter\CodeIgniter->tryToRouteIt(Object(CodeIgniter\Router\RouteCollection))
 4 SYSTEMPATH\CodeIgniter.php(355): CodeIgniter\CodeIgniter->handleRequest(null, Object(Config\Cache), false)
 5 SYSTEMPATH\Boot.php(312): CodeIgniter\CodeIgniter->run()
 6 SYSTEMPATH\Boot.php(67): CodeIgniter\Boot::runCodeIgniter(Object(CodeIgniter\CodeIgniter))
 7 FCPATH\index.php(56): CodeIgniter\Boot::bootWeb(Object(Config\Paths))
CRITICAL - 2024-04-25 14:36:44 --> CodeIgniter\HTTP\Exceptions\BadRequestException: The URI you submitted has disallowed characters: "mivi-play-5-w-portable-bluetooth-speaker-(turquoise,-mono-channel)-6"
[Method: GET, Route: product/mivi-play-5-w-portable-bluetooth-speaker-%28turquoise,-mono-channel%29-6]
in SYSTEMPATH\Router\Router.php on line 736.
 1 SYSTEMPATH\Router\Router.php(203): CodeIgniter\Router\Router->checkDisallowedChars('product/mivi-play-5-w-portable-bluetooth-speaker-(turquoise,-mono-channel)-6')
 2 SYSTEMPATH\CodeIgniter.php(834): CodeIgniter\Router\Router->handle('product/mivi-play-5-w-portable-bluetooth-speaker-(turquoise,-mono-channel)-6')
 3 SYSTEMPATH\CodeIgniter.php(457): CodeIgniter\CodeIgniter->tryToRouteIt(Object(CodeIgniter\Router\RouteCollection))
 4 SYSTEMPATH\CodeIgniter.php(355): CodeIgniter\CodeIgniter->handleRequest(null, Object(Config\Cache), false)
 5 SYSTEMPATH\Boot.php(312): CodeIgniter\CodeIgniter->run()
 6 SYSTEMPATH\Boot.php(67): CodeIgniter\Boot::runCodeIgniter(Object(CodeIgniter\CodeIgniter))
 7 FCPATH\index.php(56): CodeIgniter\Boot::bootWeb(Object(Config\Paths))
CRITICAL - 2024-04-25 14:36:44 --> CodeIgniter\HTTP\Exceptions\BadRequestException: The URI you submitted has disallowed characters: "mivi-play-5-w-portable-bluetooth-speaker-(turquoise,-mono-channel)-6"
[Method: GET, Route: product/mivi-play-5-w-portable-bluetooth-speaker-%28turquoise,-mono-channel%29-6]
in SYSTEMPATH\Router\Router.php on line 736.
 1 SYSTEMPATH\Router\Router.php(203): CodeIgniter\Router\Router->checkDisallowedChars('product/mivi-play-5-w-portable-bluetooth-speaker-(turquoise,-mono-channel)-6')
 2 SYSTEMPATH\CodeIgniter.php(834): CodeIgniter\Router\Router->handle('product/mivi-play-5-w-portable-bluetooth-speaker-(turquoise,-mono-channel)-6')
 3 SYSTEMPATH\CodeIgniter.php(457): CodeIgniter\CodeIgniter->tryToRouteIt(Object(CodeIgniter\Router\RouteCollection))
 4 SYSTEMPATH\CodeIgniter.php(355): CodeIgniter\CodeIgniter->handleRequest(null, Object(Config\Cache), false)
 5 SYSTEMPATH\Boot.php(312): CodeIgniter\CodeIgniter->run()
 6 SYSTEMPATH\Boot.php(67): CodeIgniter\Boot::runCodeIgniter(Object(CodeIgniter\CodeIgniter))
 7 FCPATH\index.php(56): CodeIgniter\Boot::bootWeb(Object(Config\Paths))
CRITICAL - 2024-04-25 14:36:45 --> CodeIgniter\HTTP\Exceptions\BadRequestException: The URI you submitted has disallowed characters: "mivi-play-5-w-portable-bluetooth-speaker-(turquoise,-mono-channel)-6"
[Method: GET, Route: product/mivi-play-5-w-portable-bluetooth-speaker-%28turquoise,-mono-channel%29-6]
in SYSTEMPATH\Router\Router.php on line 736.
 1 SYSTEMPATH\Router\Router.php(203): CodeIgniter\Router\Router->checkDisallowedChars('product/mivi-play-5-w-portable-bluetooth-speaker-(turquoise,-mono-channel)-6')
 2 SYSTEMPATH\CodeIgniter.php(834): CodeIgniter\Router\Router->handle('product/mivi-play-5-w-portable-bluetooth-speaker-(turquoise,-mono-channel)-6')
 3 SYSTEMPATH\CodeIgniter.php(457): CodeIgniter\CodeIgniter->tryToRouteIt(Object(CodeIgniter\Router\RouteCollection))
 4 SYSTEMPATH\CodeIgniter.php(355): CodeIgniter\CodeIgniter->handleRequest(null, Object(Config\Cache), false)
 5 SYSTEMPATH\Boot.php(312): CodeIgniter\CodeIgniter->run()
 6 SYSTEMPATH\Boot.php(67): CodeIgniter\Boot::runCodeIgniter(Object(CodeIgniter\CodeIgniter))
 7 FCPATH\index.php(56): CodeIgniter\Boot::bootWeb(Object(Config\Paths))
CRITICAL - 2024-04-25 14:36:45 --> CodeIgniter\HTTP\Exceptions\BadRequestException: The URI you submitted has disallowed characters: "mivi-play-5-w-portable-bluetooth-speaker-(turquoise,-mono-channel)-6"
[Method: GET, Route: product/mivi-play-5-w-portable-bluetooth-speaker-%28turquoise,-mono-channel%29-6]
in SYSTEMPATH\Router\Router.php on line 736.
 1 SYSTEMPATH\Router\Router.php(203): CodeIgniter\Router\Router->checkDisallowedChars('product/mivi-play-5-w-portable-bluetooth-speaker-(turquoise,-mono-channel)-6')
 2 SYSTEMPATH\CodeIgniter.php(834): CodeIgniter\Router\Router->handle('product/mivi-play-5-w-portable-bluetooth-speaker-(turquoise,-mono-channel)-6')
 3 SYSTEMPATH\CodeIgniter.php(457): CodeIgniter\CodeIgniter->tryToRouteIt(Object(CodeIgniter\Router\RouteCollection))
 4 SYSTEMPATH\CodeIgniter.php(355): CodeIgniter\CodeIgniter->handleRequest(null, Object(Config\Cache), false)
 5 SYSTEMPATH\Boot.php(312): CodeIgniter\CodeIgniter->run()
 6 SYSTEMPATH\Boot.php(67): CodeIgniter\Boot::runCodeIgniter(Object(CodeIgniter\CodeIgniter))
 7 FCPATH\index.php(56): CodeIgniter\Boot::bootWeb(Object(Config\Paths))
CRITICAL - 2024-04-25 14:36:45 --> CodeIgniter\HTTP\Exceptions\BadRequestException: The URI you submitted has disallowed characters: "mivi-play-5-w-portable-bluetooth-speaker-(turquoise,-mono-channel)-6"
[Method: GET, Route: product/mivi-play-5-w-portable-bluetooth-speaker-%28turquoise,-mono-channel%29-6]
in SYSTEMPATH\Router\Router.php on line 736.
 1 SYSTEMPATH\Router\Router.php(203): CodeIgniter\Router\Router->checkDisallowedChars('product/mivi-play-5-w-portable-bluetooth-speaker-(turquoise,-mono-channel)-6')
 2 SYSTEMPATH\CodeIgniter.php(834): CodeIgniter\Router\Router->handle('product/mivi-play-5-w-portable-bluetooth-speaker-(turquoise,-mono-channel)-6')
 3 SYSTEMPATH\CodeIgniter.php(457): CodeIgniter\CodeIgniter->tryToRouteIt(Object(CodeIgniter\Router\RouteCollection))
 4 SYSTEMPATH\CodeIgniter.php(355): CodeIgniter\CodeIgniter->handleRequest(null, Object(Config\Cache), false)
 5 SYSTEMPATH\Boot.php(312): CodeIgniter\CodeIgniter->run()
 6 SYSTEMPATH\Boot.php(67): CodeIgniter\Boot::runCodeIgniter(Object(CodeIgniter\CodeIgniter))
 7 FCPATH\index.php(56): CodeIgniter\Boot::bootWeb(Object(Config\Paths))
CRITICAL - 2024-04-25 14:36:45 --> CodeIgniter\HTTP\Exceptions\BadRequestException: The URI you submitted has disallowed characters: "mivi-play-5-w-portable-bluetooth-speaker-(turquoise,-mono-channel)-6"
[Method: GET, Route: product/mivi-play-5-w-portable-bluetooth-speaker-%28turquoise,-mono-channel%29-6]
in SYSTEMPATH\Router\Router.php on line 736.
 1 SYSTEMPATH\Router\Router.php(203): CodeIgniter\Router\Router->checkDisallowedChars('product/mivi-play-5-w-portable-bluetooth-speaker-(turquoise,-mono-channel)-6')
 2 SYSTEMPATH\CodeIgniter.php(834): CodeIgniter\Router\Router->handle('product/mivi-play-5-w-portable-bluetooth-speaker-(turquoise,-mono-channel)-6')
 3 SYSTEMPATH\CodeIgniter.php(457): CodeIgniter\CodeIgniter->tryToRouteIt(Object(CodeIgniter\Router\RouteCollection))
 4 SYSTEMPATH\CodeIgniter.php(355): CodeIgniter\CodeIgniter->handleRequest(null, Object(Config\Cache), false)
 5 SYSTEMPATH\Boot.php(312): CodeIgniter\CodeIgniter->run()
 6 SYSTEMPATH\Boot.php(67): CodeIgniter\Boot::runCodeIgniter(Object(CodeIgniter\CodeIgniter))
 7 FCPATH\index.php(56): CodeIgniter\Boot::bootWeb(Object(Config\Paths))
CRITICAL - 2024-04-25 14:36:45 --> CodeIgniter\HTTP\Exceptions\BadRequestException: The URI you submitted has disallowed characters: "mivi-play-5-w-portable-bluetooth-speaker-(turquoise,-mono-channel)-6"
[Method: GET, Route: product/mivi-play-5-w-portable-bluetooth-speaker-%28turquoise,-mono-channel%29-6]
in SYSTEMPATH\Router\Router.php on line 736.
 1 SYSTEMPATH\Router\Router.php(203): CodeIgniter\Router\Router->checkDisallowedChars('product/mivi-play-5-w-portable-bluetooth-speaker-(turquoise,-mono-channel)-6')
 2 SYSTEMPATH\CodeIgniter.php(834): CodeIgniter\Router\Router->handle('product/mivi-play-5-w-portable-bluetooth-speaker-(turquoise,-mono-channel)-6')
 3 SYSTEMPATH\CodeIgniter.php(457): CodeIgniter\CodeIgniter->tryToRouteIt(Object(CodeIgniter\Router\RouteCollection))
 4 SYSTEMPATH\CodeIgniter.php(355): CodeIgniter\CodeIgniter->handleRequest(null, Object(Config\Cache), false)
 5 SYSTEMPATH\Boot.php(312): CodeIgniter\CodeIgniter->run()
 6 SYSTEMPATH\Boot.php(67): CodeIgniter\Boot::runCodeIgniter(Object(CodeIgniter\CodeIgniter))
 7 FCPATH\index.php(56): CodeIgniter\Boot::bootWeb(Object(Config\Paths))
CRITICAL - 2024-04-25 14:37:10 --> CodeIgniter\HTTP\Exceptions\BadRequestException: The URI you submitted has disallowed characters: "mivi-play-5-w-portable-bluetooth-speaker-(turquoise,-mono-channel)-6"
[Method: GET, Route: product/mivi-play-5-w-portable-bluetooth-speaker-%28turquoise,-mono-channel%29-6]
in SYSTEMPATH\Router\Router.php on line 736.
 1 SYSTEMPATH\Router\Router.php(203): CodeIgniter\Router\Router->checkDisallowedChars('product/mivi-play-5-w-portable-bluetooth-speaker-(turquoise,-mono-channel)-6')
 2 SYSTEMPATH\CodeIgniter.php(834): CodeIgniter\Router\Router->handle('product/mivi-play-5-w-portable-bluetooth-speaker-(turquoise,-mono-channel)-6')
 3 SYSTEMPATH\CodeIgniter.php(457): CodeIgniter\CodeIgniter->tryToRouteIt(Object(CodeIgniter\Router\RouteCollection))
 4 SYSTEMPATH\CodeIgniter.php(355): CodeIgniter\CodeIgniter->handleRequest(null, Object(Config\Cache), false)
 5 SYSTEMPATH\Boot.php(312): CodeIgniter\CodeIgniter->run()
 6 SYSTEMPATH\Boot.php(67): CodeIgniter\Boot::runCodeIgniter(Object(CodeIgniter\CodeIgniter))
 7 FCPATH\index.php(56): CodeIgniter\Boot::bootWeb(Object(Config\Paths))
CRITICAL - 2024-04-25 14:37:10 --> CodeIgniter\HTTP\Exceptions\BadRequestException: The URI you submitted has disallowed characters: "mivi-play-5-w-portable-bluetooth-speaker-(turquoise,-mono-channel)-6"
[Method: GET, Route: product/mivi-play-5-w-portable-bluetooth-speaker-%28turquoise,-mono-channel%29-6]
in SYSTEMPATH\Router\Router.php on line 736.
 1 SYSTEMPATH\Router\Router.php(203): CodeIgniter\Router\Router->checkDisallowedChars('product/mivi-play-5-w-portable-bluetooth-speaker-(turquoise,-mono-channel)-6')
 2 SYSTEMPATH\CodeIgniter.php(834): CodeIgniter\Router\Router->handle('product/mivi-play-5-w-portable-bluetooth-speaker-(turquoise,-mono-channel)-6')
 3 SYSTEMPATH\CodeIgniter.php(457): CodeIgniter\CodeIgniter->tryToRouteIt(Object(CodeIgniter\Router\RouteCollection))
 4 SYSTEMPATH\CodeIgniter.php(355): CodeIgniter\CodeIgniter->handleRequest(null, Object(Config\Cache), false)
 5 SYSTEMPATH\Boot.php(312): CodeIgniter\CodeIgniter->run()
 6 SYSTEMPATH\Boot.php(67): CodeIgniter\Boot::runCodeIgniter(Object(CodeIgniter\CodeIgniter))
 7 FCPATH\index.php(56): CodeIgniter\Boot::bootWeb(Object(Config\Paths))
CRITICAL - 2024-04-25 14:37:11 --> CodeIgniter\HTTP\Exceptions\BadRequestException: The URI you submitted has disallowed characters: "mivi-play-5-w-portable-bluetooth-speaker-(turquoise,-mono-channel)-6"
[Method: GET, Route: product/mivi-play-5-w-portable-bluetooth-speaker-%28turquoise,-mono-channel%29-6]
in SYSTEMPATH\Router\Router.php on line 736.
 1 SYSTEMPATH\Router\Router.php(203): CodeIgniter\Router\Router->checkDisallowedChars('product/mivi-play-5-w-portable-bluetooth-speaker-(turquoise,-mono-channel)-6')
 2 SYSTEMPATH\CodeIgniter.php(834): CodeIgniter\Router\Router->handle('product/mivi-play-5-w-portable-bluetooth-speaker-(turquoise,-mono-channel)-6')
 3 SYSTEMPATH\CodeIgniter.php(457): CodeIgniter\CodeIgniter->tryToRouteIt(Object(CodeIgniter\Router\RouteCollection))
 4 SYSTEMPATH\CodeIgniter.php(355): CodeIgniter\CodeIgniter->handleRequest(null, Object(Config\Cache), false)
 5 SYSTEMPATH\Boot.php(312): CodeIgniter\CodeIgniter->run()
 6 SYSTEMPATH\Boot.php(67): CodeIgniter\Boot::runCodeIgniter(Object(CodeIgniter\CodeIgniter))
 7 FCPATH\index.php(56): CodeIgniter\Boot::bootWeb(Object(Config\Paths))
CRITICAL - 2024-04-25 14:37:11 --> CodeIgniter\HTTP\Exceptions\BadRequestException: The URI you submitted has disallowed characters: "mivi-play-5-w-portable-bluetooth-speaker-(turquoise,-mono-channel)-6"
[Method: GET, Route: product/mivi-play-5-w-portable-bluetooth-speaker-%28turquoise,-mono-channel%29-6]
in SYSTEMPATH\Router\Router.php on line 736.
 1 SYSTEMPATH\Router\Router.php(203): CodeIgniter\Router\Router->checkDisallowedChars('product/mivi-play-5-w-portable-bluetooth-speaker-(turquoise,-mono-channel)-6')
 2 SYSTEMPATH\CodeIgniter.php(834): CodeIgniter\Router\Router->handle('product/mivi-play-5-w-portable-bluetooth-speaker-(turquoise,-mono-channel)-6')
 3 SYSTEMPATH\CodeIgniter.php(457): CodeIgniter\CodeIgniter->tryToRouteIt(Object(CodeIgniter\Router\RouteCollection))
 4 SYSTEMPATH\CodeIgniter.php(355): CodeIgniter\CodeIgniter->handleRequest(null, Object(Config\Cache), false)
 5 SYSTEMPATH\Boot.php(312): CodeIgniter\CodeIgniter->run()
 6 SYSTEMPATH\Boot.php(67): CodeIgniter\Boot::runCodeIgniter(Object(CodeIgniter\CodeIgniter))
 7 FCPATH\index.php(56): CodeIgniter\Boot::bootWeb(Object(Config\Paths))
CRITICAL - 2024-04-25 14:37:11 --> CodeIgniter\HTTP\Exceptions\BadRequestException: The URI you submitted has disallowed characters: "mivi-play-5-w-portable-bluetooth-speaker-(turquoise,-mono-channel)-6"
[Method: GET, Route: product/mivi-play-5-w-portable-bluetooth-speaker-%28turquoise,-mono-channel%29-6]
in SYSTEMPATH\Router\Router.php on line 736.
 1 SYSTEMPATH\Router\Router.php(203): CodeIgniter\Router\Router->checkDisallowedChars('product/mivi-play-5-w-portable-bluetooth-speaker-(turquoise,-mono-channel)-6')
 2 SYSTEMPATH\CodeIgniter.php(834): CodeIgniter\Router\Router->handle('product/mivi-play-5-w-portable-bluetooth-speaker-(turquoise,-mono-channel)-6')
 3 SYSTEMPATH\CodeIgniter.php(457): CodeIgniter\CodeIgniter->tryToRouteIt(Object(CodeIgniter\Router\RouteCollection))
 4 SYSTEMPATH\CodeIgniter.php(355): CodeIgniter\CodeIgniter->handleRequest(null, Object(Config\Cache), false)
 5 SYSTEMPATH\Boot.php(312): CodeIgniter\CodeIgniter->run()
 6 SYSTEMPATH\Boot.php(67): CodeIgniter\Boot::runCodeIgniter(Object(CodeIgniter\CodeIgniter))
 7 FCPATH\index.php(56): CodeIgniter\Boot::bootWeb(Object(Config\Paths))
CRITICAL - 2024-04-25 14:37:11 --> CodeIgniter\HTTP\Exceptions\BadRequestException: The URI you submitted has disallowed characters: "mivi-play-5-w-portable-bluetooth-speaker-(turquoise,-mono-channel)-6"
[Method: GET, Route: product/mivi-play-5-w-portable-bluetooth-speaker-%28turquoise,-mono-channel%29-6]
in SYSTEMPATH\Router\Router.php on line 736.
 1 SYSTEMPATH\Router\Router.php(203): CodeIgniter\Router\Router->checkDisallowedChars('product/mivi-play-5-w-portable-bluetooth-speaker-(turquoise,-mono-channel)-6')
 2 SYSTEMPATH\CodeIgniter.php(834): CodeIgniter\Router\Router->handle('product/mivi-play-5-w-portable-bluetooth-speaker-(turquoise,-mono-channel)-6')
 3 SYSTEMPATH\CodeIgniter.php(457): CodeIgniter\CodeIgniter->tryToRouteIt(Object(CodeIgniter\Router\RouteCollection))
 4 SYSTEMPATH\CodeIgniter.php(355): CodeIgniter\CodeIgniter->handleRequest(null, Object(Config\Cache), false)
 5 SYSTEMPATH\Boot.php(312): CodeIgniter\CodeIgniter->run()
 6 SYSTEMPATH\Boot.php(67): CodeIgniter\Boot::runCodeIgniter(Object(CodeIgniter\CodeIgniter))
 7 FCPATH\index.php(56): CodeIgniter\Boot::bootWeb(Object(Config\Paths))
CRITICAL - 2024-04-25 14:37:11 --> CodeIgniter\HTTP\Exceptions\BadRequestException: The URI you submitted has disallowed characters: "mivi-play-5-w-portable-bluetooth-speaker-(turquoise,-mono-channel)-6"
[Method: GET, Route: product/mivi-play-5-w-portable-bluetooth-speaker-%28turquoise,-mono-channel%29-6]
in SYSTEMPATH\Router\Router.php on line 736.
 1 SYSTEMPATH\Router\Router.php(203): CodeIgniter\Router\Router->checkDisallowedChars('product/mivi-play-5-w-portable-bluetooth-speaker-(turquoise,-mono-channel)-6')
 2 SYSTEMPATH\CodeIgniter.php(834): CodeIgniter\Router\Router->handle('product/mivi-play-5-w-portable-bluetooth-speaker-(turquoise,-mono-channel)-6')
 3 SYSTEMPATH\CodeIgniter.php(457): CodeIgniter\CodeIgniter->tryToRouteIt(Object(CodeIgniter\Router\RouteCollection))
 4 SYSTEMPATH\CodeIgniter.php(355): CodeIgniter\CodeIgniter->handleRequest(null, Object(Config\Cache), false)
 5 SYSTEMPATH\Boot.php(312): CodeIgniter\CodeIgniter->run()
 6 SYSTEMPATH\Boot.php(67): CodeIgniter\Boot::runCodeIgniter(Object(CodeIgniter\CodeIgniter))
 7 FCPATH\index.php(56): CodeIgniter\Boot::bootWeb(Object(Config\Paths))
CRITICAL - 2024-04-25 14:37:21 --> CodeIgniter\HTTP\Exceptions\BadRequestException: The URI you submitted has disallowed characters: "mivi-play-5-w-portable-bluetooth-speaker-(turquoise,-mono-channel)-6"
[Method: GET, Route: product/mivi-play-5-w-portable-bluetooth-speaker-%28turquoise,-mono-channel%29-6]
in SYSTEMPATH\Router\Router.php on line 736.
 1 SYSTEMPATH\Router\Router.php(203): CodeIgniter\Router\Router->checkDisallowedChars('product/mivi-play-5-w-portable-bluetooth-speaker-(turquoise,-mono-channel)-6')
 2 SYSTEMPATH\CodeIgniter.php(834): CodeIgniter\Router\Router->handle('product/mivi-play-5-w-portable-bluetooth-speaker-(turquoise,-mono-channel)-6')
 3 SYSTEMPATH\CodeIgniter.php(457): CodeIgniter\CodeIgniter->tryToRouteIt(Object(CodeIgniter\Router\RouteCollection))
 4 SYSTEMPATH\CodeIgniter.php(355): CodeIgniter\CodeIgniter->handleRequest(null, Object(Config\Cache), false)
 5 SYSTEMPATH\Boot.php(312): CodeIgniter\CodeIgniter->run()
 6 SYSTEMPATH\Boot.php(67): CodeIgniter\Boot::runCodeIgniter(Object(CodeIgniter\CodeIgniter))
 7 FCPATH\index.php(56): CodeIgniter\Boot::bootWeb(Object(Config\Paths))
CRITICAL - 2024-04-25 14:37:30 --> CodeIgniter\HTTP\Exceptions\BadRequestException: The URI you submitted has disallowed characters: "mivi-play-5-w-portable-bluetooth-speaker-(turquoise,-mono-channel)-6"
[Method: GET, Route: product/mivi-play-5-w-portable-bluetooth-speaker-%28turquoise,-mono-channel%29-6]
in SYSTEMPATH\Router\Router.php on line 736.
 1 SYSTEMPATH\Router\Router.php(203): CodeIgniter\Router\Router->checkDisallowedChars('product/mivi-play-5-w-portable-bluetooth-speaker-(turquoise,-mono-channel)-6')
 2 SYSTEMPATH\CodeIgniter.php(834): CodeIgniter\Router\Router->handle('product/mivi-play-5-w-portable-bluetooth-speaker-(turquoise,-mono-channel)-6')
 3 SYSTEMPATH\CodeIgniter.php(457): CodeIgniter\CodeIgniter->tryToRouteIt(Object(CodeIgniter\Router\RouteCollection))
 4 SYSTEMPATH\CodeIgniter.php(355): CodeIgniter\CodeIgniter->handleRequest(null, Object(Config\Cache), false)
 5 SYSTEMPATH\Boot.php(312): CodeIgniter\CodeIgniter->run()
 6 SYSTEMPATH\Boot.php(67): CodeIgniter\Boot::runCodeIgniter(Object(CodeIgniter\CodeIgniter))
 7 FCPATH\index.php(56): CodeIgniter\Boot::bootWeb(Object(Config\Paths))
