CRITICAL - 2024-04-19 11:21:46 --> Error: Call to undefined method App\Controllers\UserController::rander_page()
[Method: GET, Route: /]
in APPPATH\Controllers\UserController.php on line 12.
 1 SYSTEMPATH\CodeIgniter.php(933): App\Controllers\UserController->index()
 2 SYSTEMPATH\CodeIgniter.php(509): CodeIgniter\CodeIgniter->runController(Object(App\Controllers\UserController))
 3 SYSTEMPATH\CodeIgniter.php(355): CodeIgniter\CodeIgniter->handleRequest(null, Object(Config\Cache), false)
 4 SYSTEMPATH\Boot.php(312): CodeIgniter\CodeIgniter->run()
 5 SYSTEMPATH\Boot.php(67): CodeIgniter\Boot::runCodeIgniter(Object(CodeIgniter\CodeIgniter))
 6 FCPATH\index.php(56): CodeIgniter\Boot::bootWeb(Object(Config\Paths))
CRITICAL - 2024-04-19 11:21:46 --> Error: Call to undefined method App\Controllers\UserController::rander_page()
[Method: GET, Route: /]
in APPPATH\Controllers\UserController.php on line 12.
 1 SYSTEMPATH\CodeIgniter.php(933): App\Controllers\UserController->index()
 2 SYSTEMPATH\CodeIgniter.php(509): CodeIgniter\CodeIgniter->runController(Object(App\Controllers\UserController))
 3 SYSTEMPATH\CodeIgniter.php(355): CodeIgniter\CodeIgniter->handleRequest(null, Object(Config\Cache), false)
 4 SYSTEMPATH\Boot.php(312): CodeIgniter\CodeIgniter->run()
 5 SYSTEMPATH\Boot.php(67): CodeIgniter\Boot::runCodeIgniter(Object(CodeIgniter\CodeIgniter))
 6 FCPATH\index.php(56): CodeIgniter\Boot::bootWeb(Object(Config\Paths))
CRITICAL - 2024-04-19 11:21:50 --> Error: Call to undefined method App\Controllers\UserController::rander_page()
[Method: GET, Route: /]
in APPPATH\Controllers\UserController.php on line 12.
 1 SYSTEMPATH\CodeIgniter.php(933): App\Controllers\UserController->index()
 2 SYSTEMPATH\CodeIgniter.php(509): CodeIgniter\CodeIgniter->runController(Object(App\Controllers\UserController))
 3 SYSTEMPATH\CodeIgniter.php(355): CodeIgniter\CodeIgniter->handleRequest(null, Object(Config\Cache), false)
 4 SYSTEMPATH\Boot.php(312): CodeIgniter\CodeIgniter->run()
 5 SYSTEMPATH\Boot.php(67): CodeIgniter\Boot::runCodeIgniter(Object(CodeIgniter\CodeIgniter))
 6 FCPATH\index.php(56): CodeIgniter\Boot::bootWeb(Object(Config\Paths))
CRITICAL - 2024-04-19 11:23:13 --> Error: Call to undefined method App\Controllers\UserController::rander_page()
[Method: GET, Route: /]
in APPPATH\Controllers\UserController.php on line 13.
 1 SYSTEMPATH\CodeIgniter.php(933): App\Controllers\UserController->index()
 2 SYSTEMPATH\CodeIgniter.php(509): CodeIgniter\CodeIgniter->runController(Object(App\Controllers\UserController))
 3 SYSTEMPATH\CodeIgniter.php(355): CodeIgniter\CodeIgniter->handleRequest(null, Object(Config\Cache), false)
 4 SYSTEMPATH\Boot.php(312): CodeIgniter\CodeIgniter->run()
 5 SYSTEMPATH\Boot.php(67): CodeIgniter\Boot::runCodeIgniter(Object(CodeIgniter\CodeIgniter))
 6 FCPATH\index.php(56): CodeIgniter\Boot::bootWeb(Object(Config\Paths))
CRITICAL - 2024-04-19 11:23:25 --> Error: Call to undefined method App\Controllers\UserController::rander_page()
[Method: GET, Route: /]
in APPPATH\Controllers\UserController.php on line 13.
 1 SYSTEMPATH\CodeIgniter.php(933): App\Controllers\UserController->index()
 2 SYSTEMPATH\CodeIgniter.php(509): CodeIgniter\CodeIgniter->runController(Object(App\Controllers\UserController))
 3 SYSTEMPATH\CodeIgniter.php(355): CodeIgniter\CodeIgniter->handleRequest(null, Object(Config\Cache), false)
 4 SYSTEMPATH\Boot.php(312): CodeIgniter\CodeIgniter->run()
 5 SYSTEMPATH\Boot.php(67): CodeIgniter\Boot::runCodeIgniter(Object(CodeIgniter\CodeIgniter))
 6 FCPATH\index.php(56): CodeIgniter\Boot::bootWeb(Object(Config\Paths))
CRITICAL - 2024-04-19 11:23:26 --> Error: Call to undefined method App\Controllers\UserController::rander_page()
[Method: GET, Route: /]
in APPPATH\Controllers\UserController.php on line 13.
 1 SYSTEMPATH\CodeIgniter.php(933): App\Controllers\UserController->index()
 2 SYSTEMPATH\CodeIgniter.php(509): CodeIgniter\CodeIgniter->runController(Object(App\Controllers\UserController))
 3 SYSTEMPATH\CodeIgniter.php(355): CodeIgniter\CodeIgniter->handleRequest(null, Object(Config\Cache), false)
 4 SYSTEMPATH\Boot.php(312): CodeIgniter\CodeIgniter->run()
 5 SYSTEMPATH\Boot.php(67): CodeIgniter\Boot::runCodeIgniter(Object(CodeIgniter\CodeIgniter))
 6 FCPATH\index.php(56): CodeIgniter\Boot::bootWeb(Object(Config\Paths))
CRITICAL - 2024-04-19 11:24:02 --> Error: Call to undefined method App\Controllers\UserController::rander_page()
[Method: GET, Route: /]
in APPPATH\Controllers\UserController.php on line 13.
 1 SYSTEMPATH\CodeIgniter.php(933): App\Controllers\UserController->index()
 2 SYSTEMPATH\CodeIgniter.php(509): CodeIgniter\CodeIgniter->runController(Object(App\Controllers\UserController))
 3 SYSTEMPATH\CodeIgniter.php(355): CodeIgniter\CodeIgniter->handleRequest(null, Object(Config\Cache), false)
 4 SYSTEMPATH\Boot.php(312): CodeIgniter\CodeIgniter->run()
 5 SYSTEMPATH\Boot.php(67): CodeIgniter\Boot::runCodeIgniter(Object(CodeIgniter\CodeIgniter))
 6 FCPATH\index.php(56): CodeIgniter\Boot::bootWeb(Object(Config\Paths))
CRITICAL - 2024-04-19 11:24:02 --> Error: Call to undefined method App\Controllers\UserController::rander_page()
[Method: GET, Route: /]
in APPPATH\Controllers\UserController.php on line 13.
 1 SYSTEMPATH\CodeIgniter.php(933): App\Controllers\UserController->index()
 2 SYSTEMPATH\CodeIgniter.php(509): CodeIgniter\CodeIgniter->runController(Object(App\Controllers\UserController))
 3 SYSTEMPATH\CodeIgniter.php(355): CodeIgniter\CodeIgniter->handleRequest(null, Object(Config\Cache), false)
 4 SYSTEMPATH\Boot.php(312): CodeIgniter\CodeIgniter->run()
 5 SYSTEMPATH\Boot.php(67): CodeIgniter\Boot::runCodeIgniter(Object(CodeIgniter\CodeIgniter))
 6 FCPATH\index.php(56): CodeIgniter\Boot::bootWeb(Object(Config\Paths))
CRITICAL - 2024-04-19 11:24:03 --> Error: Call to undefined method App\Controllers\UserController::rander_page()
[Method: GET, Route: /]
in APPPATH\Controllers\UserController.php on line 13.
 1 SYSTEMPATH\CodeIgniter.php(933): App\Controllers\UserController->index()
 2 SYSTEMPATH\CodeIgniter.php(509): CodeIgniter\CodeIgniter->runController(Object(App\Controllers\UserController))
 3 SYSTEMPATH\CodeIgniter.php(355): CodeIgniter\CodeIgniter->handleRequest(null, Object(Config\Cache), false)
 4 SYSTEMPATH\Boot.php(312): CodeIgniter\CodeIgniter->run()
 5 SYSTEMPATH\Boot.php(67): CodeIgniter\Boot::runCodeIgniter(Object(CodeIgniter\CodeIgniter))
 6 FCPATH\index.php(56): CodeIgniter\Boot::bootWeb(Object(Config\Paths))
CRITICAL - 2024-04-19 11:24:04 --> Error: Call to undefined method App\Controllers\UserController::rander_page()
[Method: GET, Route: /]
in APPPATH\Controllers\UserController.php on line 13.
 1 SYSTEMPATH\CodeIgniter.php(933): App\Controllers\UserController->index()
 2 SYSTEMPATH\CodeIgniter.php(509): CodeIgniter\CodeIgniter->runController(Object(App\Controllers\UserController))
 3 SYSTEMPATH\CodeIgniter.php(355): CodeIgniter\CodeIgniter->handleRequest(null, Object(Config\Cache), false)
 4 SYSTEMPATH\Boot.php(312): CodeIgniter\CodeIgniter->run()
 5 SYSTEMPATH\Boot.php(67): CodeIgniter\Boot::runCodeIgniter(Object(CodeIgniter\CodeIgniter))
 6 FCPATH\index.php(56): CodeIgniter\Boot::bootWeb(Object(Config\Paths))
CRITICAL - 2024-04-19 11:54:51 --> Error: Call to undefined method App\Controllers\UserController::rander_page()
[Method: GET, Route: /]
in APPPATH\Controllers\UserController.php on line 13.
 1 SYSTEMPATH\CodeIgniter.php(933): App\Controllers\UserController->index()
 2 SYSTEMPATH\CodeIgniter.php(509): CodeIgniter\CodeIgniter->runController(Object(App\Controllers\UserController))
 3 SYSTEMPATH\CodeIgniter.php(355): CodeIgniter\CodeIgniter->handleRequest(null, Object(Config\Cache), false)
 4 SYSTEMPATH\Boot.php(312): CodeIgniter\CodeIgniter->run()
 5 SYSTEMPATH\Boot.php(67): CodeIgniter\Boot::runCodeIgniter(Object(CodeIgniter\CodeIgniter))
 6 FCPATH\index.php(56): CodeIgniter\Boot::bootWeb(Object(Config\Paths))
CRITICAL - 2024-04-19 11:55:26 --> ArgumentCountError: Too few arguments to function App\Controllers\BaseController::randerPage(), 1 passed in C:\xampp\htdocs\erp-app\app\Controllers\UserController.php on line 13 and exactly 3 expected
[Method: GET, Route: /]
in APPPATH\Controllers\BaseController.php on line 0.
 1 APPPATH\Controllers\UserController.php(13): App\Controllers\BaseController->randerPage('user/home')
 2 SYSTEMPATH\CodeIgniter.php(933): App\Controllers\UserController->index()
 3 SYSTEMPATH\CodeIgniter.php(509): CodeIgniter\CodeIgniter->runController(Object(App\Controllers\UserController))
 4 SYSTEMPATH\CodeIgniter.php(355): CodeIgniter\CodeIgniter->handleRequest(null, Object(Config\Cache), false)
 5 SYSTEMPATH\Boot.php(312): CodeIgniter\CodeIgniter->run()
 6 SYSTEMPATH\Boot.php(67): CodeIgniter\Boot::runCodeIgniter(Object(CodeIgniter\CodeIgniter))
 7 FCPATH\index.php(56): CodeIgniter\Boot::bootWeb(Object(Config\Paths))
CRITICAL - 2024-04-19 11:58:28 --> ErrorException: Undefined variable $user
[Method: GET, Route: /]
in APPPATH\Controllers\BaseController.php on line 64.
 1 APPPATH\Controllers\BaseController.php(64): CodeIgniter\Debug\Exceptions->errorHandler(2, 'Undefined variable $user', 'C:\\xampp\\htdocs\\erp-app\\app\\Controllers\\BaseController.php', 64)
 2 APPPATH\Controllers\UserController.php(13): App\Controllers\BaseController->randerPage('user/home')
 3 SYSTEMPATH\CodeIgniter.php(933): App\Controllers\UserController->index()
 4 SYSTEMPATH\CodeIgniter.php(509): CodeIgniter\CodeIgniter->runController(Object(App\Controllers\UserController))
 5 SYSTEMPATH\CodeIgniter.php(355): CodeIgniter\CodeIgniter->handleRequest(null, Object(Config\Cache), false)
 6 SYSTEMPATH\Boot.php(312): CodeIgniter\CodeIgniter->run()
 7 SYSTEMPATH\Boot.php(67): CodeIgniter\Boot::runCodeIgniter(Object(CodeIgniter\CodeIgniter))
 8 FCPATH\index.php(56): CodeIgniter\Boot::bootWeb(Object(Config\Paths))
CRITICAL - 2024-04-19 11:58:49 --> ErrorException: Undefined property: App\Controllers\UserController::$load
[Method: GET, Route: /]
in APPPATH\Controllers\BaseController.php on line 70.
 1 APPPATH\Controllers\BaseController.php(70): CodeIgniter\Debug\Exceptions->errorHandler(2, 'Undefined property: App\\Controllers\\UserController::$load', 'C:\\xampp\\htdocs\\erp-app\\app\\Controllers\\BaseController.php', 70)
 2 APPPATH\Controllers\UserController.php(13): App\Controllers\BaseController->randerPage('user/home')
 3 SYSTEMPATH\CodeIgniter.php(933): App\Controllers\UserController->index()
 4 SYSTEMPATH\CodeIgniter.php(509): CodeIgniter\CodeIgniter->runController(Object(App\Controllers\UserController))
 5 SYSTEMPATH\CodeIgniter.php(355): CodeIgniter\CodeIgniter->handleRequest(null, Object(Config\Cache), false)
 6 SYSTEMPATH\Boot.php(312): CodeIgniter\CodeIgniter->run()
 7 SYSTEMPATH\Boot.php(67): CodeIgniter\Boot::runCodeIgniter(Object(CodeIgniter\CodeIgniter))
 8 FCPATH\index.php(56): CodeIgniter\Boot::bootWeb(Object(Config\Paths))
CRITICAL - 2024-04-19 11:59:22 --> ErrorException: Undefined property: App\Controllers\UserController::$load
[Method: GET, Route: /]
in APPPATH\Controllers\UserController.php on line 14.
 1 APPPATH\Controllers\UserController.php(14): CodeIgniter\Debug\Exceptions->errorHandler(2, 'Undefined property: App\\Controllers\\UserController::$load', 'C:\\xampp\\htdocs\\erp-app\\app\\Controllers\\UserController.php', 14)
 2 SYSTEMPATH\CodeIgniter.php(933): App\Controllers\UserController->index()
 3 SYSTEMPATH\CodeIgniter.php(509): CodeIgniter\CodeIgniter->runController(Object(App\Controllers\UserController))
 4 SYSTEMPATH\CodeIgniter.php(355): CodeIgniter\CodeIgniter->handleRequest(null, Object(Config\Cache), false)
 5 SYSTEMPATH\Boot.php(312): CodeIgniter\CodeIgniter->run()
 6 SYSTEMPATH\Boot.php(67): CodeIgniter\Boot::runCodeIgniter(Object(CodeIgniter\CodeIgniter))
 7 FCPATH\index.php(56): CodeIgniter\Boot::bootWeb(Object(Config\Paths))
CRITICAL - 2024-04-19 12:00:56 --> ErrorException: Undefined property: App\Controllers\UserController::$load
[Method: GET, Route: /]
in APPPATH\Controllers\BaseController.php on line 70.
 1 APPPATH\Controllers\BaseController.php(70): CodeIgniter\Debug\Exceptions->errorHandler(2, 'Undefined property: App\\Controllers\\UserController::$load', 'C:\\xampp\\htdocs\\erp-app\\app\\Controllers\\BaseController.php', 70)
 2 APPPATH\Controllers\UserController.php(13): App\Controllers\BaseController->randerPage('user/home')
 3 SYSTEMPATH\CodeIgniter.php(933): App\Controllers\UserController->index()
 4 SYSTEMPATH\CodeIgniter.php(509): CodeIgniter\CodeIgniter->runController(Object(App\Controllers\UserController))
 5 SYSTEMPATH\CodeIgniter.php(355): CodeIgniter\CodeIgniter->handleRequest(null, Object(Config\Cache), false)
 6 SYSTEMPATH\Boot.php(312): CodeIgniter\CodeIgniter->run()
 7 SYSTEMPATH\Boot.php(67): CodeIgniter\Boot::runCodeIgniter(Object(CodeIgniter\CodeIgniter))
 8 FCPATH\index.php(56): CodeIgniter\Boot::bootWeb(Object(Config\Paths))
CRITICAL - 2024-04-19 12:01:17 --> ErrorException: Undefined variable $data
[Method: GET, Route: /]
in APPPATH\Controllers\BaseController.php on line 70.
 1 APPPATH\Controllers\BaseController.php(70): CodeIgniter\Debug\Exceptions->errorHandler(2, 'Undefined variable $data', 'C:\\xampp\\htdocs\\erp-app\\app\\Controllers\\BaseController.php', 70)
 2 APPPATH\Controllers\UserController.php(13): App\Controllers\BaseController->randerPage('user/home')
 3 SYSTEMPATH\CodeIgniter.php(933): App\Controllers\UserController->index()
 4 SYSTEMPATH\CodeIgniter.php(509): CodeIgniter\CodeIgniter->runController(Object(App\Controllers\UserController))
 5 SYSTEMPATH\CodeIgniter.php(355): CodeIgniter\CodeIgniter->handleRequest(null, Object(Config\Cache), false)
 6 SYSTEMPATH\Boot.php(312): CodeIgniter\CodeIgniter->run()
 7 SYSTEMPATH\Boot.php(67): CodeIgniter\Boot::runCodeIgniter(Object(CodeIgniter\CodeIgniter))
 8 FCPATH\index.php(56): CodeIgniter\Boot::bootWeb(Object(Config\Paths))
CRITICAL - 2024-04-19 12:01:46 --> ArgumentCountError: Too few arguments to function App\Controllers\BaseController::randerPage(), 1 passed in C:\xampp\htdocs\erp-app\app\Controllers\UserController.php on line 13 and exactly 2 expected
[Method: GET, Route: /]
in APPPATH\Controllers\BaseController.php on line 59.
 1 APPPATH\Controllers\UserController.php(13): App\Controllers\BaseController->randerPage('user/home')
 2 SYSTEMPATH\CodeIgniter.php(933): App\Controllers\UserController->index()
 3 SYSTEMPATH\CodeIgniter.php(509): CodeIgniter\CodeIgniter->runController(Object(App\Controllers\UserController))
 4 SYSTEMPATH\CodeIgniter.php(355): CodeIgniter\CodeIgniter->handleRequest(null, Object(Config\Cache), false)
 5 SYSTEMPATH\Boot.php(312): CodeIgniter\CodeIgniter->run()
 6 SYSTEMPATH\Boot.php(67): CodeIgniter\Boot::runCodeIgniter(Object(CodeIgniter\CodeIgniter))
 7 FCPATH\index.php(56): CodeIgniter\Boot::bootWeb(Object(Config\Paths))
CRITICAL - 2024-04-19 12:01:47 --> ArgumentCountError: Too few arguments to function App\Controllers\BaseController::randerPage(), 1 passed in C:\xampp\htdocs\erp-app\app\Controllers\UserController.php on line 13 and exactly 2 expected
[Method: GET, Route: /]
in APPPATH\Controllers\BaseController.php on line 59.
 1 APPPATH\Controllers\UserController.php(13): App\Controllers\BaseController->randerPage('user/home')
 2 SYSTEMPATH\CodeIgniter.php(933): App\Controllers\UserController->index()
 3 SYSTEMPATH\CodeIgniter.php(509): CodeIgniter\CodeIgniter->runController(Object(App\Controllers\UserController))
 4 SYSTEMPATH\CodeIgniter.php(355): CodeIgniter\CodeIgniter->handleRequest(null, Object(Config\Cache), false)
 5 SYSTEMPATH\Boot.php(312): CodeIgniter\CodeIgniter->run()
 6 SYSTEMPATH\Boot.php(67): CodeIgniter\Boot::runCodeIgniter(Object(CodeIgniter\CodeIgniter))
 7 FCPATH\index.php(56): CodeIgniter\Boot::bootWeb(Object(Config\Paths))
CRITICAL - 2024-04-19 12:01:47 --> ArgumentCountError: Too few arguments to function App\Controllers\BaseController::randerPage(), 1 passed in C:\xampp\htdocs\erp-app\app\Controllers\UserController.php on line 13 and exactly 2 expected
[Method: GET, Route: /]
in APPPATH\Controllers\BaseController.php on line 59.
 1 APPPATH\Controllers\UserController.php(13): App\Controllers\BaseController->randerPage('user/home')
 2 SYSTEMPATH\CodeIgniter.php(933): App\Controllers\UserController->index()
 3 SYSTEMPATH\CodeIgniter.php(509): CodeIgniter\CodeIgniter->runController(Object(App\Controllers\UserController))
 4 SYSTEMPATH\CodeIgniter.php(355): CodeIgniter\CodeIgniter->handleRequest(null, Object(Config\Cache), false)
 5 SYSTEMPATH\Boot.php(312): CodeIgniter\CodeIgniter->run()
 6 SYSTEMPATH\Boot.php(67): CodeIgniter\Boot::runCodeIgniter(Object(CodeIgniter\CodeIgniter))
 7 FCPATH\index.php(56): CodeIgniter\Boot::bootWeb(Object(Config\Paths))
CRITICAL - 2024-04-19 12:01:47 --> ArgumentCountError: Too few arguments to function App\Controllers\BaseController::randerPage(), 1 passed in C:\xampp\htdocs\erp-app\app\Controllers\UserController.php on line 13 and exactly 2 expected
[Method: GET, Route: /]
in APPPATH\Controllers\BaseController.php on line 59.
 1 APPPATH\Controllers\UserController.php(13): App\Controllers\BaseController->randerPage('user/home')
 2 SYSTEMPATH\CodeIgniter.php(933): App\Controllers\UserController->index()
 3 SYSTEMPATH\CodeIgniter.php(509): CodeIgniter\CodeIgniter->runController(Object(App\Controllers\UserController))
 4 SYSTEMPATH\CodeIgniter.php(355): CodeIgniter\CodeIgniter->handleRequest(null, Object(Config\Cache), false)
 5 SYSTEMPATH\Boot.php(312): CodeIgniter\CodeIgniter->run()
 6 SYSTEMPATH\Boot.php(67): CodeIgniter\Boot::runCodeIgniter(Object(CodeIgniter\CodeIgniter))
 7 FCPATH\index.php(56): CodeIgniter\Boot::bootWeb(Object(Config\Paths))
CRITICAL - 2024-04-19 12:01:47 --> ArgumentCountError: Too few arguments to function App\Controllers\BaseController::randerPage(), 1 passed in C:\xampp\htdocs\erp-app\app\Controllers\UserController.php on line 13 and exactly 2 expected
[Method: GET, Route: /]
in APPPATH\Controllers\BaseController.php on line 59.
 1 APPPATH\Controllers\UserController.php(13): App\Controllers\BaseController->randerPage('user/home')
 2 SYSTEMPATH\CodeIgniter.php(933): App\Controllers\UserController->index()
 3 SYSTEMPATH\CodeIgniter.php(509): CodeIgniter\CodeIgniter->runController(Object(App\Controllers\UserController))
 4 SYSTEMPATH\CodeIgniter.php(355): CodeIgniter\CodeIgniter->handleRequest(null, Object(Config\Cache), false)
 5 SYSTEMPATH\Boot.php(312): CodeIgniter\CodeIgniter->run()
 6 SYSTEMPATH\Boot.php(67): CodeIgniter\Boot::runCodeIgniter(Object(CodeIgniter\CodeIgniter))
 7 FCPATH\index.php(56): CodeIgniter\Boot::bootWeb(Object(Config\Paths))
CRITICAL - 2024-04-19 12:04:24 --> ArgumentCountError: Too few arguments to function App\Controllers\BaseController::randerPage(), 1 passed in C:\xampp\htdocs\erp-app\app\Controllers\UserController.php on line 13 and exactly 2 expected
[Method: GET, Route: /]
in APPPATH\Controllers\BaseController.php on line 59.
 1 APPPATH\Controllers\UserController.php(13): App\Controllers\BaseController->randerPage('user/home')
 2 SYSTEMPATH\CodeIgniter.php(933): App\Controllers\UserController->index()
 3 SYSTEMPATH\CodeIgniter.php(509): CodeIgniter\CodeIgniter->runController(Object(App\Controllers\UserController))
 4 SYSTEMPATH\CodeIgniter.php(355): CodeIgniter\CodeIgniter->handleRequest(null, Object(Config\Cache), false)
 5 SYSTEMPATH\Boot.php(312): CodeIgniter\CodeIgniter->run()
 6 SYSTEMPATH\Boot.php(67): CodeIgniter\Boot::runCodeIgniter(Object(CodeIgniter\CodeIgniter))
 7 FCPATH\index.php(56): CodeIgniter\Boot::bootWeb(Object(Config\Paths))
CRITICAL - 2024-04-19 12:04:25 --> ArgumentCountError: Too few arguments to function App\Controllers\BaseController::randerPage(), 1 passed in C:\xampp\htdocs\erp-app\app\Controllers\UserController.php on line 13 and exactly 2 expected
[Method: GET, Route: /]
in APPPATH\Controllers\BaseController.php on line 59.
 1 APPPATH\Controllers\UserController.php(13): App\Controllers\BaseController->randerPage('user/home')
 2 SYSTEMPATH\CodeIgniter.php(933): App\Controllers\UserController->index()
 3 SYSTEMPATH\CodeIgniter.php(509): CodeIgniter\CodeIgniter->runController(Object(App\Controllers\UserController))
 4 SYSTEMPATH\CodeIgniter.php(355): CodeIgniter\CodeIgniter->handleRequest(null, Object(Config\Cache), false)
 5 SYSTEMPATH\Boot.php(312): CodeIgniter\CodeIgniter->run()
 6 SYSTEMPATH\Boot.php(67): CodeIgniter\Boot::runCodeIgniter(Object(CodeIgniter\CodeIgniter))
 7 FCPATH\index.php(56): CodeIgniter\Boot::bootWeb(Object(Config\Paths))
CRITICAL - 2024-04-19 12:09:02 --> ErrorException: Undefined variable $user
[Method: GET, Route: /]
in APPPATH\Controllers\BaseController.php on line 64.
 1 APPPATH\Controllers\BaseController.php(64): CodeIgniter\Debug\Exceptions->errorHandler(2, 'Undefined variable $user', 'C:\\xampp\\htdocs\\erp-app\\app\\Controllers\\BaseController.php', 64)
 2 APPPATH\Controllers\UserController.php(13): App\Controllers\BaseController->randerPage('user/home')
 3 SYSTEMPATH\CodeIgniter.php(933): App\Controllers\UserController->index()
 4 SYSTEMPATH\CodeIgniter.php(509): CodeIgniter\CodeIgniter->runController(Object(App\Controllers\UserController))
 5 SYSTEMPATH\CodeIgniter.php(355): CodeIgniter\CodeIgniter->handleRequest(null, Object(Config\Cache), false)
 6 SYSTEMPATH\Boot.php(312): CodeIgniter\CodeIgniter->run()
 7 SYSTEMPATH\Boot.php(67): CodeIgniter\Boot::runCodeIgniter(Object(CodeIgniter\CodeIgniter))
 8 FCPATH\index.php(56): CodeIgniter\Boot::bootWeb(Object(Config\Paths))
CRITICAL - 2024-04-19 12:23:55 --> ErrorException: Undefined variable $user
[Method: GET, Route: /]
in APPPATH\Controllers\BaseController.php on line 64.
 1 APPPATH\Controllers\BaseController.php(64): CodeIgniter\Debug\Exceptions->errorHandler(2, 'Undefined variable $user', 'C:\\xampp\\htdocs\\erp-app\\app\\Controllers\\BaseController.php', 64)
 2 APPPATH\Controllers\UserController.php(13): App\Controllers\BaseController->randerPage('user/home')
 3 SYSTEMPATH\CodeIgniter.php(933): App\Controllers\UserController->index()
 4 SYSTEMPATH\CodeIgniter.php(509): CodeIgniter\CodeIgniter->runController(Object(App\Controllers\UserController))
 5 SYSTEMPATH\CodeIgniter.php(355): CodeIgniter\CodeIgniter->handleRequest(null, Object(Config\Cache), false)
 6 SYSTEMPATH\Boot.php(312): CodeIgniter\CodeIgniter->run()
 7 SYSTEMPATH\Boot.php(67): CodeIgniter\Boot::runCodeIgniter(Object(CodeIgniter\CodeIgniter))
 8 FCPATH\index.php(56): CodeIgniter\Boot::bootWeb(Object(Config\Paths))
CRITICAL - 2024-04-19 12:24:13 --> ErrorException: Undefined variable $user
[Method: GET, Route: /]
in APPPATH\Controllers\BaseController.php on line 64.
 1 APPPATH\Controllers\BaseController.php(64): CodeIgniter\Debug\Exceptions->errorHandler(2, 'Undefined variable $user', 'C:\\xampp\\htdocs\\erp-app\\app\\Controllers\\BaseController.php', 64)
 2 APPPATH\Controllers\UserController.php(13): App\Controllers\BaseController->randerPage('user/home')
 3 SYSTEMPATH\CodeIgniter.php(933): App\Controllers\UserController->index()
 4 SYSTEMPATH\CodeIgniter.php(509): CodeIgniter\CodeIgniter->runController(Object(App\Controllers\UserController))
 5 SYSTEMPATH\CodeIgniter.php(355): CodeIgniter\CodeIgniter->handleRequest(null, Object(Config\Cache), false)
 6 SYSTEMPATH\Boot.php(312): CodeIgniter\CodeIgniter->run()
 7 SYSTEMPATH\Boot.php(67): CodeIgniter\Boot::runCodeIgniter(Object(CodeIgniter\CodeIgniter))
 8 FCPATH\index.php(56): CodeIgniter\Boot::bootWeb(Object(Config\Paths))
CRITICAL - 2024-04-19 12:24:13 --> ErrorException: Undefined variable $user
[Method: GET, Route: /]
in APPPATH\Controllers\BaseController.php on line 64.
 1 APPPATH\Controllers\BaseController.php(64): CodeIgniter\Debug\Exceptions->errorHandler(2, 'Undefined variable $user', 'C:\\xampp\\htdocs\\erp-app\\app\\Controllers\\BaseController.php', 64)
 2 APPPATH\Controllers\UserController.php(13): App\Controllers\BaseController->randerPage('user/home')
 3 SYSTEMPATH\CodeIgniter.php(933): App\Controllers\UserController->index()
 4 SYSTEMPATH\CodeIgniter.php(509): CodeIgniter\CodeIgniter->runController(Object(App\Controllers\UserController))
 5 SYSTEMPATH\CodeIgniter.php(355): CodeIgniter\CodeIgniter->handleRequest(null, Object(Config\Cache), false)
 6 SYSTEMPATH\Boot.php(312): CodeIgniter\CodeIgniter->run()
 7 SYSTEMPATH\Boot.php(67): CodeIgniter\Boot::runCodeIgniter(Object(CodeIgniter\CodeIgniter))
 8 FCPATH\index.php(56): CodeIgniter\Boot::bootWeb(Object(Config\Paths))
CRITICAL - 2024-04-19 12:24:17 --> ErrorException: Undefined variable $user
[Method: GET, Route: /]
in APPPATH\Controllers\BaseController.php on line 64.
 1 APPPATH\Controllers\BaseController.php(64): CodeIgniter\Debug\Exceptions->errorHandler(2, 'Undefined variable $user', 'C:\\xampp\\htdocs\\erp-app\\app\\Controllers\\BaseController.php', 64)
 2 APPPATH\Controllers\UserController.php(13): App\Controllers\BaseController->randerPage('user/home')
 3 SYSTEMPATH\CodeIgniter.php(933): App\Controllers\UserController->index()
 4 SYSTEMPATH\CodeIgniter.php(509): CodeIgniter\CodeIgniter->runController(Object(App\Controllers\UserController))
 5 SYSTEMPATH\CodeIgniter.php(355): CodeIgniter\CodeIgniter->handleRequest(null, Object(Config\Cache), false)
 6 SYSTEMPATH\Boot.php(312): CodeIgniter\CodeIgniter->run()
 7 SYSTEMPATH\Boot.php(67): CodeIgniter\Boot::runCodeIgniter(Object(CodeIgniter\CodeIgniter))
 8 FCPATH\index.php(56): CodeIgniter\Boot::bootWeb(Object(Config\Paths))
CRITICAL - 2024-04-19 12:24:17 --> ErrorException: Undefined variable $user
[Method: GET, Route: /]
in APPPATH\Controllers\BaseController.php on line 64.
 1 APPPATH\Controllers\BaseController.php(64): CodeIgniter\Debug\Exceptions->errorHandler(2, 'Undefined variable $user', 'C:\\xampp\\htdocs\\erp-app\\app\\Controllers\\BaseController.php', 64)
 2 APPPATH\Controllers\UserController.php(13): App\Controllers\BaseController->randerPage('user/home')
 3 SYSTEMPATH\CodeIgniter.php(933): App\Controllers\UserController->index()
 4 SYSTEMPATH\CodeIgniter.php(509): CodeIgniter\CodeIgniter->runController(Object(App\Controllers\UserController))
 5 SYSTEMPATH\CodeIgniter.php(355): CodeIgniter\CodeIgniter->handleRequest(null, Object(Config\Cache), false)
 6 SYSTEMPATH\Boot.php(312): CodeIgniter\CodeIgniter->run()
 7 SYSTEMPATH\Boot.php(67): CodeIgniter\Boot::runCodeIgniter(Object(CodeIgniter\CodeIgniter))
 8 FCPATH\index.php(56): CodeIgniter\Boot::bootWeb(Object(Config\Paths))
CRITICAL - 2024-04-19 12:24:18 --> ErrorException: Undefined variable $user
[Method: GET, Route: /]
in APPPATH\Controllers\BaseController.php on line 64.
 1 APPPATH\Controllers\BaseController.php(64): CodeIgniter\Debug\Exceptions->errorHandler(2, 'Undefined variable $user', 'C:\\xampp\\htdocs\\erp-app\\app\\Controllers\\BaseController.php', 64)
 2 APPPATH\Controllers\UserController.php(13): App\Controllers\BaseController->randerPage('user/home')
 3 SYSTEMPATH\CodeIgniter.php(933): App\Controllers\UserController->index()
 4 SYSTEMPATH\CodeIgniter.php(509): CodeIgniter\CodeIgniter->runController(Object(App\Controllers\UserController))
 5 SYSTEMPATH\CodeIgniter.php(355): CodeIgniter\CodeIgniter->handleRequest(null, Object(Config\Cache), false)
 6 SYSTEMPATH\Boot.php(312): CodeIgniter\CodeIgniter->run()
 7 SYSTEMPATH\Boot.php(67): CodeIgniter\Boot::runCodeIgniter(Object(CodeIgniter\CodeIgniter))
 8 FCPATH\index.php(56): CodeIgniter\Boot::bootWeb(Object(Config\Paths))
CRITICAL - 2024-04-19 12:24:18 --> ErrorException: Undefined variable $user
[Method: GET, Route: /]
in APPPATH\Controllers\BaseController.php on line 64.
 1 APPPATH\Controllers\BaseController.php(64): CodeIgniter\Debug\Exceptions->errorHandler(2, 'Undefined variable $user', 'C:\\xampp\\htdocs\\erp-app\\app\\Controllers\\BaseController.php', 64)
 2 APPPATH\Controllers\UserController.php(13): App\Controllers\BaseController->randerPage('user/home')
 3 SYSTEMPATH\CodeIgniter.php(933): App\Controllers\UserController->index()
 4 SYSTEMPATH\CodeIgniter.php(509): CodeIgniter\CodeIgniter->runController(Object(App\Controllers\UserController))
 5 SYSTEMPATH\CodeIgniter.php(355): CodeIgniter\CodeIgniter->handleRequest(null, Object(Config\Cache), false)
 6 SYSTEMPATH\Boot.php(312): CodeIgniter\CodeIgniter->run()
 7 SYSTEMPATH\Boot.php(67): CodeIgniter\Boot::runCodeIgniter(Object(CodeIgniter\CodeIgniter))
 8 FCPATH\index.php(56): CodeIgniter\Boot::bootWeb(Object(Config\Paths))
CRITICAL - 2024-04-19 12:24:19 --> ErrorException: Undefined variable $user
[Method: GET, Route: /]
in APPPATH\Controllers\BaseController.php on line 64.
 1 APPPATH\Controllers\BaseController.php(64): CodeIgniter\Debug\Exceptions->errorHandler(2, 'Undefined variable $user', 'C:\\xampp\\htdocs\\erp-app\\app\\Controllers\\BaseController.php', 64)
 2 APPPATH\Controllers\UserController.php(13): App\Controllers\BaseController->randerPage('user/home')
 3 SYSTEMPATH\CodeIgniter.php(933): App\Controllers\UserController->index()
 4 SYSTEMPATH\CodeIgniter.php(509): CodeIgniter\CodeIgniter->runController(Object(App\Controllers\UserController))
 5 SYSTEMPATH\CodeIgniter.php(355): CodeIgniter\CodeIgniter->handleRequest(null, Object(Config\Cache), false)
 6 SYSTEMPATH\Boot.php(312): CodeIgniter\CodeIgniter->run()
 7 SYSTEMPATH\Boot.php(67): CodeIgniter\Boot::runCodeIgniter(Object(CodeIgniter\CodeIgniter))
 8 FCPATH\index.php(56): CodeIgniter\Boot::bootWeb(Object(Config\Paths))
CRITICAL - 2024-04-19 12:25:34 --> TypeError: view(): Argument #2 ($data) must be of type array, bool given, called in C:\xampp\htdocs\erp-app\app\Controllers\BaseController.php on line 69
[Method: GET, Route: /]
in SYSTEMPATH\Common.php on line 1159.
 1 APPPATH\Controllers\BaseController.php(69): view('user/home', false)
 2 APPPATH\Controllers\UserController.php(13): App\Controllers\BaseController->randerPage('user/home')
 3 SYSTEMPATH\CodeIgniter.php(933): App\Controllers\UserController->index()
 4 SYSTEMPATH\CodeIgniter.php(509): CodeIgniter\CodeIgniter->runController(Object(App\Controllers\UserController))
 5 SYSTEMPATH\CodeIgniter.php(355): CodeIgniter\CodeIgniter->handleRequest(null, Object(Config\Cache), false)
 6 SYSTEMPATH\Boot.php(312): CodeIgniter\CodeIgniter->run()
 7 SYSTEMPATH\Boot.php(67): CodeIgniter\Boot::runCodeIgniter(Object(CodeIgniter\CodeIgniter))
 8 FCPATH\index.php(56): CodeIgniter\Boot::bootWeb(Object(Config\Paths))
CRITICAL - 2024-04-19 12:25:36 --> TypeError: view(): Argument #2 ($data) must be of type array, bool given, called in C:\xampp\htdocs\erp-app\app\Controllers\BaseController.php on line 69
[Method: GET, Route: /]
in SYSTEMPATH\Common.php on line 1159.
 1 APPPATH\Controllers\BaseController.php(69): view('user/home', false)
 2 APPPATH\Controllers\UserController.php(13): App\Controllers\BaseController->randerPage('user/home')
 3 SYSTEMPATH\CodeIgniter.php(933): App\Controllers\UserController->index()
 4 SYSTEMPATH\CodeIgniter.php(509): CodeIgniter\CodeIgniter->runController(Object(App\Controllers\UserController))
 5 SYSTEMPATH\CodeIgniter.php(355): CodeIgniter\CodeIgniter->handleRequest(null, Object(Config\Cache), false)
 6 SYSTEMPATH\Boot.php(312): CodeIgniter\CodeIgniter->run()
 7 SYSTEMPATH\Boot.php(67): CodeIgniter\Boot::runCodeIgniter(Object(CodeIgniter\CodeIgniter))
 8 FCPATH\index.php(56): CodeIgniter\Boot::bootWeb(Object(Config\Paths))
CRITICAL - 2024-04-19 12:25:37 --> TypeError: view(): Argument #2 ($data) must be of type array, bool given, called in C:\xampp\htdocs\erp-app\app\Controllers\BaseController.php on line 69
[Method: GET, Route: /]
in SYSTEMPATH\Common.php on line 1159.
 1 APPPATH\Controllers\BaseController.php(69): view('user/home', false)
 2 APPPATH\Controllers\UserController.php(13): App\Controllers\BaseController->randerPage('user/home')
 3 SYSTEMPATH\CodeIgniter.php(933): App\Controllers\UserController->index()
 4 SYSTEMPATH\CodeIgniter.php(509): CodeIgniter\CodeIgniter->runController(Object(App\Controllers\UserController))
 5 SYSTEMPATH\CodeIgniter.php(355): CodeIgniter\CodeIgniter->handleRequest(null, Object(Config\Cache), false)
 6 SYSTEMPATH\Boot.php(312): CodeIgniter\CodeIgniter->run()
 7 SYSTEMPATH\Boot.php(67): CodeIgniter\Boot::runCodeIgniter(Object(CodeIgniter\CodeIgniter))
 8 FCPATH\index.php(56): CodeIgniter\Boot::bootWeb(Object(Config\Paths))
CRITICAL - 2024-04-19 12:25:37 --> TypeError: view(): Argument #2 ($data) must be of type array, bool given, called in C:\xampp\htdocs\erp-app\app\Controllers\BaseController.php on line 69
[Method: GET, Route: /]
in SYSTEMPATH\Common.php on line 1159.
 1 APPPATH\Controllers\BaseController.php(69): view('user/home', false)
 2 APPPATH\Controllers\UserController.php(13): App\Controllers\BaseController->randerPage('user/home')
 3 SYSTEMPATH\CodeIgniter.php(933): App\Controllers\UserController->index()
 4 SYSTEMPATH\CodeIgniter.php(509): CodeIgniter\CodeIgniter->runController(Object(App\Controllers\UserController))
 5 SYSTEMPATH\CodeIgniter.php(355): CodeIgniter\CodeIgniter->handleRequest(null, Object(Config\Cache), false)
 6 SYSTEMPATH\Boot.php(312): CodeIgniter\CodeIgniter->run()
 7 SYSTEMPATH\Boot.php(67): CodeIgniter\Boot::runCodeIgniter(Object(CodeIgniter\CodeIgniter))
 8 FCPATH\index.php(56): CodeIgniter\Boot::bootWeb(Object(Config\Paths))
CRITICAL - 2024-04-19 12:25:37 --> TypeError: view(): Argument #2 ($data) must be of type array, bool given, called in C:\xampp\htdocs\erp-app\app\Controllers\BaseController.php on line 69
[Method: GET, Route: /]
in SYSTEMPATH\Common.php on line 1159.
 1 APPPATH\Controllers\BaseController.php(69): view('user/home', false)
 2 APPPATH\Controllers\UserController.php(13): App\Controllers\BaseController->randerPage('user/home')
 3 SYSTEMPATH\CodeIgniter.php(933): App\Controllers\UserController->index()
 4 SYSTEMPATH\CodeIgniter.php(509): CodeIgniter\CodeIgniter->runController(Object(App\Controllers\UserController))
 5 SYSTEMPATH\CodeIgniter.php(355): CodeIgniter\CodeIgniter->handleRequest(null, Object(Config\Cache), false)
 6 SYSTEMPATH\Boot.php(312): CodeIgniter\CodeIgniter->run()
 7 SYSTEMPATH\Boot.php(67): CodeIgniter\Boot::runCodeIgniter(Object(CodeIgniter\CodeIgniter))
 8 FCPATH\index.php(56): CodeIgniter\Boot::bootWeb(Object(Config\Paths))
CRITICAL - 2024-04-19 12:25:58 --> TypeError: view(): Argument #2 ($data) must be of type array, bool given, called in C:\xampp\htdocs\erp-app\app\Controllers\BaseController.php on line 70
[Method: GET, Route: /]
in SYSTEMPATH\Common.php on line 1159.
 1 APPPATH\Controllers\BaseController.php(70): view('user/home', false)
 2 APPPATH\Controllers\UserController.php(13): App\Controllers\BaseController->randerPage('user/home')
 3 SYSTEMPATH\CodeIgniter.php(933): App\Controllers\UserController->index()
 4 SYSTEMPATH\CodeIgniter.php(509): CodeIgniter\CodeIgniter->runController(Object(App\Controllers\UserController))
 5 SYSTEMPATH\CodeIgniter.php(355): CodeIgniter\CodeIgniter->handleRequest(null, Object(Config\Cache), false)
 6 SYSTEMPATH\Boot.php(312): CodeIgniter\CodeIgniter->run()
 7 SYSTEMPATH\Boot.php(67): CodeIgniter\Boot::runCodeIgniter(Object(CodeIgniter\CodeIgniter))
 8 FCPATH\index.php(56): CodeIgniter\Boot::bootWeb(Object(Config\Paths))
CRITICAL - 2024-04-19 12:25:59 --> TypeError: view(): Argument #2 ($data) must be of type array, bool given, called in C:\xampp\htdocs\erp-app\app\Controllers\BaseController.php on line 70
[Method: GET, Route: /]
in SYSTEMPATH\Common.php on line 1159.
 1 APPPATH\Controllers\BaseController.php(70): view('user/home', false)
 2 APPPATH\Controllers\UserController.php(13): App\Controllers\BaseController->randerPage('user/home')
 3 SYSTEMPATH\CodeIgniter.php(933): App\Controllers\UserController->index()
 4 SYSTEMPATH\CodeIgniter.php(509): CodeIgniter\CodeIgniter->runController(Object(App\Controllers\UserController))
 5 SYSTEMPATH\CodeIgniter.php(355): CodeIgniter\CodeIgniter->handleRequest(null, Object(Config\Cache), false)
 6 SYSTEMPATH\Boot.php(312): CodeIgniter\CodeIgniter->run()
 7 SYSTEMPATH\Boot.php(67): CodeIgniter\Boot::runCodeIgniter(Object(CodeIgniter\CodeIgniter))
 8 FCPATH\index.php(56): CodeIgniter\Boot::bootWeb(Object(Config\Paths))
CRITICAL - 2024-04-19 12:25:59 --> TypeError: view(): Argument #2 ($data) must be of type array, bool given, called in C:\xampp\htdocs\erp-app\app\Controllers\BaseController.php on line 70
[Method: GET, Route: /]
in SYSTEMPATH\Common.php on line 1159.
 1 APPPATH\Controllers\BaseController.php(70): view('user/home', false)
 2 APPPATH\Controllers\UserController.php(13): App\Controllers\BaseController->randerPage('user/home')
 3 SYSTEMPATH\CodeIgniter.php(933): App\Controllers\UserController->index()
 4 SYSTEMPATH\CodeIgniter.php(509): CodeIgniter\CodeIgniter->runController(Object(App\Controllers\UserController))
 5 SYSTEMPATH\CodeIgniter.php(355): CodeIgniter\CodeIgniter->handleRequest(null, Object(Config\Cache), false)
 6 SYSTEMPATH\Boot.php(312): CodeIgniter\CodeIgniter->run()
 7 SYSTEMPATH\Boot.php(67): CodeIgniter\Boot::runCodeIgniter(Object(CodeIgniter\CodeIgniter))
 8 FCPATH\index.php(56): CodeIgniter\Boot::bootWeb(Object(Config\Paths))
CRITICAL - 2024-04-19 12:26:16 --> TypeError: view(): Argument #2 ($data) must be of type array, bool given, called in C:\xampp\htdocs\erp-app\app\Controllers\BaseController.php on line 70
[Method: GET, Route: /]
in SYSTEMPATH\Common.php on line 1159.
 1 APPPATH\Controllers\BaseController.php(70): view('user/home', false)
 2 APPPATH\Controllers\UserController.php(13): App\Controllers\BaseController->randerPage('user/home')
 3 SYSTEMPATH\CodeIgniter.php(933): App\Controllers\UserController->index()
 4 SYSTEMPATH\CodeIgniter.php(509): CodeIgniter\CodeIgniter->runController(Object(App\Controllers\UserController))
 5 SYSTEMPATH\CodeIgniter.php(355): CodeIgniter\CodeIgniter->handleRequest(null, Object(Config\Cache), false)
 6 SYSTEMPATH\Boot.php(312): CodeIgniter\CodeIgniter->run()
 7 SYSTEMPATH\Boot.php(67): CodeIgniter\Boot::runCodeIgniter(Object(CodeIgniter\CodeIgniter))
 8 FCPATH\index.php(56): CodeIgniter\Boot::bootWeb(Object(Config\Paths))
CRITICAL - 2024-04-19 12:26:16 --> TypeError: view(): Argument #2 ($data) must be of type array, bool given, called in C:\xampp\htdocs\erp-app\app\Controllers\BaseController.php on line 70
[Method: GET, Route: /]
in SYSTEMPATH\Common.php on line 1159.
 1 APPPATH\Controllers\BaseController.php(70): view('user/home', false)
 2 APPPATH\Controllers\UserController.php(13): App\Controllers\BaseController->randerPage('user/home')
 3 SYSTEMPATH\CodeIgniter.php(933): App\Controllers\UserController->index()
 4 SYSTEMPATH\CodeIgniter.php(509): CodeIgniter\CodeIgniter->runController(Object(App\Controllers\UserController))
 5 SYSTEMPATH\CodeIgniter.php(355): CodeIgniter\CodeIgniter->handleRequest(null, Object(Config\Cache), false)
 6 SYSTEMPATH\Boot.php(312): CodeIgniter\CodeIgniter->run()
 7 SYSTEMPATH\Boot.php(67): CodeIgniter\Boot::runCodeIgniter(Object(CodeIgniter\CodeIgniter))
 8 FCPATH\index.php(56): CodeIgniter\Boot::bootWeb(Object(Config\Paths))
CRITICAL - 2024-04-19 12:26:16 --> TypeError: view(): Argument #2 ($data) must be of type array, bool given, called in C:\xampp\htdocs\erp-app\app\Controllers\BaseController.php on line 70
[Method: GET, Route: /]
in SYSTEMPATH\Common.php on line 1159.
 1 APPPATH\Controllers\BaseController.php(70): view('user/home', false)
 2 APPPATH\Controllers\UserController.php(13): App\Controllers\BaseController->randerPage('user/home')
 3 SYSTEMPATH\CodeIgniter.php(933): App\Controllers\UserController->index()
 4 SYSTEMPATH\CodeIgniter.php(509): CodeIgniter\CodeIgniter->runController(Object(App\Controllers\UserController))
 5 SYSTEMPATH\CodeIgniter.php(355): CodeIgniter\CodeIgniter->handleRequest(null, Object(Config\Cache), false)
 6 SYSTEMPATH\Boot.php(312): CodeIgniter\CodeIgniter->run()
 7 SYSTEMPATH\Boot.php(67): CodeIgniter\Boot::runCodeIgniter(Object(CodeIgniter\CodeIgniter))
 8 FCPATH\index.php(56): CodeIgniter\Boot::bootWeb(Object(Config\Paths))
CRITICAL - 2024-04-19 12:26:21 --> TypeError: view(): Argument #2 ($data) must be of type array, bool given, called in C:\xampp\htdocs\erp-app\app\Controllers\BaseController.php on line 70
[Method: GET, Route: /]
in SYSTEMPATH\Common.php on line 1159.
 1 APPPATH\Controllers\BaseController.php(70): view('user/home', false)
 2 APPPATH\Controllers\UserController.php(13): App\Controllers\BaseController->randerPage('user/home')
 3 SYSTEMPATH\CodeIgniter.php(933): App\Controllers\UserController->index()
 4 SYSTEMPATH\CodeIgniter.php(509): CodeIgniter\CodeIgniter->runController(Object(App\Controllers\UserController))
 5 SYSTEMPATH\CodeIgniter.php(355): CodeIgniter\CodeIgniter->handleRequest(null, Object(Config\Cache), false)
 6 SYSTEMPATH\Boot.php(312): CodeIgniter\CodeIgniter->run()
 7 SYSTEMPATH\Boot.php(67): CodeIgniter\Boot::runCodeIgniter(Object(CodeIgniter\CodeIgniter))
 8 FCPATH\index.php(56): CodeIgniter\Boot::bootWeb(Object(Config\Paths))
CRITICAL - 2024-04-19 12:26:22 --> TypeError: view(): Argument #2 ($data) must be of type array, bool given, called in C:\xampp\htdocs\erp-app\app\Controllers\BaseController.php on line 70
[Method: GET, Route: /]
in SYSTEMPATH\Common.php on line 1159.
 1 APPPATH\Controllers\BaseController.php(70): view('user/home', false)
 2 APPPATH\Controllers\UserController.php(13): App\Controllers\BaseController->randerPage('user/home')
 3 SYSTEMPATH\CodeIgniter.php(933): App\Controllers\UserController->index()
 4 SYSTEMPATH\CodeIgniter.php(509): CodeIgniter\CodeIgniter->runController(Object(App\Controllers\UserController))
 5 SYSTEMPATH\CodeIgniter.php(355): CodeIgniter\CodeIgniter->handleRequest(null, Object(Config\Cache), false)
 6 SYSTEMPATH\Boot.php(312): CodeIgniter\CodeIgniter->run()
 7 SYSTEMPATH\Boot.php(67): CodeIgniter\Boot::runCodeIgniter(Object(CodeIgniter\CodeIgniter))
 8 FCPATH\index.php(56): CodeIgniter\Boot::bootWeb(Object(Config\Paths))
CRITICAL - 2024-04-19 12:26:22 --> TypeError: view(): Argument #2 ($data) must be of type array, bool given, called in C:\xampp\htdocs\erp-app\app\Controllers\BaseController.php on line 70
[Method: GET, Route: /]
in SYSTEMPATH\Common.php on line 1159.
 1 APPPATH\Controllers\BaseController.php(70): view('user/home', false)
 2 APPPATH\Controllers\UserController.php(13): App\Controllers\BaseController->randerPage('user/home')
 3 SYSTEMPATH\CodeIgniter.php(933): App\Controllers\UserController->index()
 4 SYSTEMPATH\CodeIgniter.php(509): CodeIgniter\CodeIgniter->runController(Object(App\Controllers\UserController))
 5 SYSTEMPATH\CodeIgniter.php(355): CodeIgniter\CodeIgniter->handleRequest(null, Object(Config\Cache), false)
 6 SYSTEMPATH\Boot.php(312): CodeIgniter\CodeIgniter->run()
 7 SYSTEMPATH\Boot.php(67): CodeIgniter\Boot::runCodeIgniter(Object(CodeIgniter\CodeIgniter))
 8 FCPATH\index.php(56): CodeIgniter\Boot::bootWeb(Object(Config\Paths))
CRITICAL - 2024-04-19 12:26:22 --> TypeError: view(): Argument #2 ($data) must be of type array, bool given, called in C:\xampp\htdocs\erp-app\app\Controllers\BaseController.php on line 70
[Method: GET, Route: /]
in SYSTEMPATH\Common.php on line 1159.
 1 APPPATH\Controllers\BaseController.php(70): view('user/home', false)
 2 APPPATH\Controllers\UserController.php(13): App\Controllers\BaseController->randerPage('user/home')
 3 SYSTEMPATH\CodeIgniter.php(933): App\Controllers\UserController->index()
 4 SYSTEMPATH\CodeIgniter.php(509): CodeIgniter\CodeIgniter->runController(Object(App\Controllers\UserController))
 5 SYSTEMPATH\CodeIgniter.php(355): CodeIgniter\CodeIgniter->handleRequest(null, Object(Config\Cache), false)
 6 SYSTEMPATH\Boot.php(312): CodeIgniter\CodeIgniter->run()
 7 SYSTEMPATH\Boot.php(67): CodeIgniter\Boot::runCodeIgniter(Object(CodeIgniter\CodeIgniter))
 8 FCPATH\index.php(56): CodeIgniter\Boot::bootWeb(Object(Config\Paths))
CRITICAL - 2024-04-19 12:26:22 --> TypeError: view(): Argument #2 ($data) must be of type array, bool given, called in C:\xampp\htdocs\erp-app\app\Controllers\BaseController.php on line 70
[Method: GET, Route: /]
in SYSTEMPATH\Common.php on line 1159.
 1 APPPATH\Controllers\BaseController.php(70): view('user/home', false)
 2 APPPATH\Controllers\UserController.php(13): App\Controllers\BaseController->randerPage('user/home')
 3 SYSTEMPATH\CodeIgniter.php(933): App\Controllers\UserController->index()
 4 SYSTEMPATH\CodeIgniter.php(509): CodeIgniter\CodeIgniter->runController(Object(App\Controllers\UserController))
 5 SYSTEMPATH\CodeIgniter.php(355): CodeIgniter\CodeIgniter->handleRequest(null, Object(Config\Cache), false)
 6 SYSTEMPATH\Boot.php(312): CodeIgniter\CodeIgniter->run()
 7 SYSTEMPATH\Boot.php(67): CodeIgniter\Boot::runCodeIgniter(Object(CodeIgniter\CodeIgniter))
 8 FCPATH\index.php(56): CodeIgniter\Boot::bootWeb(Object(Config\Paths))
CRITICAL - 2024-04-19 12:26:23 --> TypeError: view(): Argument #2 ($data) must be of type array, bool given, called in C:\xampp\htdocs\erp-app\app\Controllers\BaseController.php on line 70
[Method: GET, Route: /]
in SYSTEMPATH\Common.php on line 1159.
 1 APPPATH\Controllers\BaseController.php(70): view('user/home', false)
 2 APPPATH\Controllers\UserController.php(13): App\Controllers\BaseController->randerPage('user/home')
 3 SYSTEMPATH\CodeIgniter.php(933): App\Controllers\UserController->index()
 4 SYSTEMPATH\CodeIgniter.php(509): CodeIgniter\CodeIgniter->runController(Object(App\Controllers\UserController))
 5 SYSTEMPATH\CodeIgniter.php(355): CodeIgniter\CodeIgniter->handleRequest(null, Object(Config\Cache), false)
 6 SYSTEMPATH\Boot.php(312): CodeIgniter\CodeIgniter->run()
 7 SYSTEMPATH\Boot.php(67): CodeIgniter\Boot::runCodeIgniter(Object(CodeIgniter\CodeIgniter))
 8 FCPATH\index.php(56): CodeIgniter\Boot::bootWeb(Object(Config\Paths))
CRITICAL - 2024-04-19 12:26:23 --> TypeError: view(): Argument #2 ($data) must be of type array, bool given, called in C:\xampp\htdocs\erp-app\app\Controllers\BaseController.php on line 70
[Method: GET, Route: /]
in SYSTEMPATH\Common.php on line 1159.
 1 APPPATH\Controllers\BaseController.php(70): view('user/home', false)
 2 APPPATH\Controllers\UserController.php(13): App\Controllers\BaseController->randerPage('user/home')
 3 SYSTEMPATH\CodeIgniter.php(933): App\Controllers\UserController->index()
 4 SYSTEMPATH\CodeIgniter.php(509): CodeIgniter\CodeIgniter->runController(Object(App\Controllers\UserController))
 5 SYSTEMPATH\CodeIgniter.php(355): CodeIgniter\CodeIgniter->handleRequest(null, Object(Config\Cache), false)
 6 SYSTEMPATH\Boot.php(312): CodeIgniter\CodeIgniter->run()
 7 SYSTEMPATH\Boot.php(67): CodeIgniter\Boot::runCodeIgniter(Object(CodeIgniter\CodeIgniter))
 8 FCPATH\index.php(56): CodeIgniter\Boot::bootWeb(Object(Config\Paths))
CRITICAL - 2024-04-19 12:26:24 --> TypeError: view(): Argument #2 ($data) must be of type array, bool given, called in C:\xampp\htdocs\erp-app\app\Controllers\BaseController.php on line 70
[Method: GET, Route: /]
in SYSTEMPATH\Common.php on line 1159.
 1 APPPATH\Controllers\BaseController.php(70): view('user/home', false)
 2 APPPATH\Controllers\UserController.php(13): App\Controllers\BaseController->randerPage('user/home')
 3 SYSTEMPATH\CodeIgniter.php(933): App\Controllers\UserController->index()
 4 SYSTEMPATH\CodeIgniter.php(509): CodeIgniter\CodeIgniter->runController(Object(App\Controllers\UserController))
 5 SYSTEMPATH\CodeIgniter.php(355): CodeIgniter\CodeIgniter->handleRequest(null, Object(Config\Cache), false)
 6 SYSTEMPATH\Boot.php(312): CodeIgniter\CodeIgniter->run()
 7 SYSTEMPATH\Boot.php(67): CodeIgniter\Boot::runCodeIgniter(Object(CodeIgniter\CodeIgniter))
 8 FCPATH\index.php(56): CodeIgniter\Boot::bootWeb(Object(Config\Paths))
CRITICAL - 2024-04-19 12:26:39 --> TypeError: view(): Argument #2 ($data) must be of type array, bool given, called in C:\xampp\htdocs\erp-app\app\Controllers\BaseController.php on line 70
[Method: GET, Route: /]
in SYSTEMPATH\Common.php on line 1159.
 1 APPPATH\Controllers\BaseController.php(70): view('user/home', false)
 2 APPPATH\Controllers\UserController.php(13): App\Controllers\BaseController->randerPage('user/home')
 3 SYSTEMPATH\CodeIgniter.php(933): App\Controllers\UserController->index()
 4 SYSTEMPATH\CodeIgniter.php(509): CodeIgniter\CodeIgniter->runController(Object(App\Controllers\UserController))
 5 SYSTEMPATH\CodeIgniter.php(355): CodeIgniter\CodeIgniter->handleRequest(null, Object(Config\Cache), false)
 6 SYSTEMPATH\Boot.php(312): CodeIgniter\CodeIgniter->run()
 7 SYSTEMPATH\Boot.php(67): CodeIgniter\Boot::runCodeIgniter(Object(CodeIgniter\CodeIgniter))
 8 FCPATH\index.php(56): CodeIgniter\Boot::bootWeb(Object(Config\Paths))
CRITICAL - 2024-04-19 12:27:13 --> TypeError: view(): Argument #2 ($data) must be of type array, bool given, called in C:\xampp\htdocs\erp-app\app\Controllers\BaseController.php on line 70
[Method: GET, Route: /]
in SYSTEMPATH\Common.php on line 1159.
 1 APPPATH\Controllers\BaseController.php(70): view('user/home', false)
 2 APPPATH\Controllers\UserController.php(13): App\Controllers\BaseController->randerPage('user/home')
 3 SYSTEMPATH\CodeIgniter.php(933): App\Controllers\UserController->index()
 4 SYSTEMPATH\CodeIgniter.php(509): CodeIgniter\CodeIgniter->runController(Object(App\Controllers\UserController))
 5 SYSTEMPATH\CodeIgniter.php(355): CodeIgniter\CodeIgniter->handleRequest(null, Object(Config\Cache), false)
 6 SYSTEMPATH\Boot.php(312): CodeIgniter\CodeIgniter->run()
 7 SYSTEMPATH\Boot.php(67): CodeIgniter\Boot::runCodeIgniter(Object(CodeIgniter\CodeIgniter))
 8 FCPATH\index.php(56): CodeIgniter\Boot::bootWeb(Object(Config\Paths))
CRITICAL - 2024-04-19 12:27:14 --> TypeError: view(): Argument #2 ($data) must be of type array, bool given, called in C:\xampp\htdocs\erp-app\app\Controllers\BaseController.php on line 70
[Method: GET, Route: /]
in SYSTEMPATH\Common.php on line 1159.
 1 APPPATH\Controllers\BaseController.php(70): view('user/home', false)
 2 APPPATH\Controllers\UserController.php(13): App\Controllers\BaseController->randerPage('user/home')
 3 SYSTEMPATH\CodeIgniter.php(933): App\Controllers\UserController->index()
 4 SYSTEMPATH\CodeIgniter.php(509): CodeIgniter\CodeIgniter->runController(Object(App\Controllers\UserController))
 5 SYSTEMPATH\CodeIgniter.php(355): CodeIgniter\CodeIgniter->handleRequest(null, Object(Config\Cache), false)
 6 SYSTEMPATH\Boot.php(312): CodeIgniter\CodeIgniter->run()
 7 SYSTEMPATH\Boot.php(67): CodeIgniter\Boot::runCodeIgniter(Object(CodeIgniter\CodeIgniter))
 8 FCPATH\index.php(56): CodeIgniter\Boot::bootWeb(Object(Config\Paths))
CRITICAL - 2024-04-19 12:27:14 --> TypeError: view(): Argument #2 ($data) must be of type array, bool given, called in C:\xampp\htdocs\erp-app\app\Controllers\BaseController.php on line 70
[Method: GET, Route: /]
in SYSTEMPATH\Common.php on line 1159.
 1 APPPATH\Controllers\BaseController.php(70): view('user/home', false)
 2 APPPATH\Controllers\UserController.php(13): App\Controllers\BaseController->randerPage('user/home')
 3 SYSTEMPATH\CodeIgniter.php(933): App\Controllers\UserController->index()
 4 SYSTEMPATH\CodeIgniter.php(509): CodeIgniter\CodeIgniter->runController(Object(App\Controllers\UserController))
 5 SYSTEMPATH\CodeIgniter.php(355): CodeIgniter\CodeIgniter->handleRequest(null, Object(Config\Cache), false)
 6 SYSTEMPATH\Boot.php(312): CodeIgniter\CodeIgniter->run()
 7 SYSTEMPATH\Boot.php(67): CodeIgniter\Boot::runCodeIgniter(Object(CodeIgniter\CodeIgniter))
 8 FCPATH\index.php(56): CodeIgniter\Boot::bootWeb(Object(Config\Paths))
CRITICAL - 2024-04-19 12:27:14 --> TypeError: view(): Argument #2 ($data) must be of type array, bool given, called in C:\xampp\htdocs\erp-app\app\Controllers\BaseController.php on line 70
[Method: GET, Route: /]
in SYSTEMPATH\Common.php on line 1159.
 1 APPPATH\Controllers\BaseController.php(70): view('user/home', false)
 2 APPPATH\Controllers\UserController.php(13): App\Controllers\BaseController->randerPage('user/home')
 3 SYSTEMPATH\CodeIgniter.php(933): App\Controllers\UserController->index()
 4 SYSTEMPATH\CodeIgniter.php(509): CodeIgniter\CodeIgniter->runController(Object(App\Controllers\UserController))
 5 SYSTEMPATH\CodeIgniter.php(355): CodeIgniter\CodeIgniter->handleRequest(null, Object(Config\Cache), false)
 6 SYSTEMPATH\Boot.php(312): CodeIgniter\CodeIgniter->run()
 7 SYSTEMPATH\Boot.php(67): CodeIgniter\Boot::runCodeIgniter(Object(CodeIgniter\CodeIgniter))
 8 FCPATH\index.php(56): CodeIgniter\Boot::bootWeb(Object(Config\Paths))
CRITICAL - 2024-04-19 12:27:14 --> TypeError: view(): Argument #2 ($data) must be of type array, bool given, called in C:\xampp\htdocs\erp-app\app\Controllers\BaseController.php on line 70
[Method: GET, Route: /]
in SYSTEMPATH\Common.php on line 1159.
 1 APPPATH\Controllers\BaseController.php(70): view('user/home', false)
 2 APPPATH\Controllers\UserController.php(13): App\Controllers\BaseController->randerPage('user/home')
 3 SYSTEMPATH\CodeIgniter.php(933): App\Controllers\UserController->index()
 4 SYSTEMPATH\CodeIgniter.php(509): CodeIgniter\CodeIgniter->runController(Object(App\Controllers\UserController))
 5 SYSTEMPATH\CodeIgniter.php(355): CodeIgniter\CodeIgniter->handleRequest(null, Object(Config\Cache), false)
 6 SYSTEMPATH\Boot.php(312): CodeIgniter\CodeIgniter->run()
 7 SYSTEMPATH\Boot.php(67): CodeIgniter\Boot::runCodeIgniter(Object(CodeIgniter\CodeIgniter))
 8 FCPATH\index.php(56): CodeIgniter\Boot::bootWeb(Object(Config\Paths))
CRITICAL - 2024-04-19 12:27:16 --> TypeError: view(): Argument #2 ($data) must be of type array, bool given, called in C:\xampp\htdocs\erp-app\app\Controllers\BaseController.php on line 70
[Method: GET, Route: /]
in SYSTEMPATH\Common.php on line 1159.
 1 APPPATH\Controllers\BaseController.php(70): view('user/home', false)
 2 APPPATH\Controllers\UserController.php(13): App\Controllers\BaseController->randerPage('user/home')
 3 SYSTEMPATH\CodeIgniter.php(933): App\Controllers\UserController->index()
 4 SYSTEMPATH\CodeIgniter.php(509): CodeIgniter\CodeIgniter->runController(Object(App\Controllers\UserController))
 5 SYSTEMPATH\CodeIgniter.php(355): CodeIgniter\CodeIgniter->handleRequest(null, Object(Config\Cache), false)
 6 SYSTEMPATH\Boot.php(312): CodeIgniter\CodeIgniter->run()
 7 SYSTEMPATH\Boot.php(67): CodeIgniter\Boot::runCodeIgniter(Object(CodeIgniter\CodeIgniter))
 8 FCPATH\index.php(56): CodeIgniter\Boot::bootWeb(Object(Config\Paths))
CRITICAL - 2024-04-19 12:27:26 --> TypeError: view(): Argument #2 ($data) must be of type array, bool given, called in C:\xampp\htdocs\erp-app\app\Controllers\BaseController.php on line 70
[Method: GET, Route: /]
in SYSTEMPATH\Common.php on line 1159.
 1 APPPATH\Controllers\BaseController.php(70): view('user/home', false)
 2 APPPATH\Controllers\UserController.php(13): App\Controllers\BaseController->randerPage('user/home')
 3 SYSTEMPATH\CodeIgniter.php(933): App\Controllers\UserController->index()
 4 SYSTEMPATH\CodeIgniter.php(509): CodeIgniter\CodeIgniter->runController(Object(App\Controllers\UserController))
 5 SYSTEMPATH\CodeIgniter.php(355): CodeIgniter\CodeIgniter->handleRequest(null, Object(Config\Cache), false)
 6 SYSTEMPATH\Boot.php(312): CodeIgniter\CodeIgniter->run()
 7 SYSTEMPATH\Boot.php(67): CodeIgniter\Boot::runCodeIgniter(Object(CodeIgniter\CodeIgniter))
 8 FCPATH\index.php(56): CodeIgniter\Boot::bootWeb(Object(Config\Paths))
CRITICAL - 2024-04-19 12:27:52 --> TypeError: view(): Argument #2 ($data) must be of type array, bool given, called in C:\xampp\htdocs\erp-app\app\Controllers\BaseController.php on line 70
[Method: GET, Route: /]
in SYSTEMPATH\Common.php on line 1159.
 1 APPPATH\Controllers\BaseController.php(70): view('user/home', false)
 2 APPPATH\Controllers\UserController.php(13): App\Controllers\BaseController->randerPage('user/home')
 3 SYSTEMPATH\CodeIgniter.php(933): App\Controllers\UserController->index()
 4 SYSTEMPATH\CodeIgniter.php(509): CodeIgniter\CodeIgniter->runController(Object(App\Controllers\UserController))
 5 SYSTEMPATH\CodeIgniter.php(355): CodeIgniter\CodeIgniter->handleRequest(null, Object(Config\Cache), false)
 6 SYSTEMPATH\Boot.php(312): CodeIgniter\CodeIgniter->run()
 7 SYSTEMPATH\Boot.php(67): CodeIgniter\Boot::runCodeIgniter(Object(CodeIgniter\CodeIgniter))
 8 FCPATH\index.php(56): CodeIgniter\Boot::bootWeb(Object(Config\Paths))
CRITICAL - 2024-04-19 12:27:53 --> TypeError: view(): Argument #2 ($data) must be of type array, bool given, called in C:\xampp\htdocs\erp-app\app\Controllers\BaseController.php on line 70
[Method: GET, Route: /]
in SYSTEMPATH\Common.php on line 1159.
 1 APPPATH\Controllers\BaseController.php(70): view('user/home', false)
 2 APPPATH\Controllers\UserController.php(13): App\Controllers\BaseController->randerPage('user/home')
 3 SYSTEMPATH\CodeIgniter.php(933): App\Controllers\UserController->index()
 4 SYSTEMPATH\CodeIgniter.php(509): CodeIgniter\CodeIgniter->runController(Object(App\Controllers\UserController))
 5 SYSTEMPATH\CodeIgniter.php(355): CodeIgniter\CodeIgniter->handleRequest(null, Object(Config\Cache), false)
 6 SYSTEMPATH\Boot.php(312): CodeIgniter\CodeIgniter->run()
 7 SYSTEMPATH\Boot.php(67): CodeIgniter\Boot::runCodeIgniter(Object(CodeIgniter\CodeIgniter))
 8 FCPATH\index.php(56): CodeIgniter\Boot::bootWeb(Object(Config\Paths))
CRITICAL - 2024-04-19 12:27:53 --> TypeError: view(): Argument #2 ($data) must be of type array, bool given, called in C:\xampp\htdocs\erp-app\app\Controllers\BaseController.php on line 70
[Method: GET, Route: /]
in SYSTEMPATH\Common.php on line 1159.
 1 APPPATH\Controllers\BaseController.php(70): view('user/home', false)
 2 APPPATH\Controllers\UserController.php(13): App\Controllers\BaseController->randerPage('user/home')
 3 SYSTEMPATH\CodeIgniter.php(933): App\Controllers\UserController->index()
 4 SYSTEMPATH\CodeIgniter.php(509): CodeIgniter\CodeIgniter->runController(Object(App\Controllers\UserController))
 5 SYSTEMPATH\CodeIgniter.php(355): CodeIgniter\CodeIgniter->handleRequest(null, Object(Config\Cache), false)
 6 SYSTEMPATH\Boot.php(312): CodeIgniter\CodeIgniter->run()
 7 SYSTEMPATH\Boot.php(67): CodeIgniter\Boot::runCodeIgniter(Object(CodeIgniter\CodeIgniter))
 8 FCPATH\index.php(56): CodeIgniter\Boot::bootWeb(Object(Config\Paths))
CRITICAL - 2024-04-19 12:27:53 --> TypeError: view(): Argument #2 ($data) must be of type array, bool given, called in C:\xampp\htdocs\erp-app\app\Controllers\BaseController.php on line 70
[Method: GET, Route: /]
in SYSTEMPATH\Common.php on line 1159.
 1 APPPATH\Controllers\BaseController.php(70): view('user/home', false)
 2 APPPATH\Controllers\UserController.php(13): App\Controllers\BaseController->randerPage('user/home')
 3 SYSTEMPATH\CodeIgniter.php(933): App\Controllers\UserController->index()
 4 SYSTEMPATH\CodeIgniter.php(509): CodeIgniter\CodeIgniter->runController(Object(App\Controllers\UserController))
 5 SYSTEMPATH\CodeIgniter.php(355): CodeIgniter\CodeIgniter->handleRequest(null, Object(Config\Cache), false)
 6 SYSTEMPATH\Boot.php(312): CodeIgniter\CodeIgniter->run()
 7 SYSTEMPATH\Boot.php(67): CodeIgniter\Boot::runCodeIgniter(Object(CodeIgniter\CodeIgniter))
 8 FCPATH\index.php(56): CodeIgniter\Boot::bootWeb(Object(Config\Paths))
CRITICAL - 2024-04-19 12:27:53 --> TypeError: view(): Argument #2 ($data) must be of type array, bool given, called in C:\xampp\htdocs\erp-app\app\Controllers\BaseController.php on line 70
[Method: GET, Route: /]
in SYSTEMPATH\Common.php on line 1159.
 1 APPPATH\Controllers\BaseController.php(70): view('user/home', false)
 2 APPPATH\Controllers\UserController.php(13): App\Controllers\BaseController->randerPage('user/home')
 3 SYSTEMPATH\CodeIgniter.php(933): App\Controllers\UserController->index()
 4 SYSTEMPATH\CodeIgniter.php(509): CodeIgniter\CodeIgniter->runController(Object(App\Controllers\UserController))
 5 SYSTEMPATH\CodeIgniter.php(355): CodeIgniter\CodeIgniter->handleRequest(null, Object(Config\Cache), false)
 6 SYSTEMPATH\Boot.php(312): CodeIgniter\CodeIgniter->run()
 7 SYSTEMPATH\Boot.php(67): CodeIgniter\Boot::runCodeIgniter(Object(CodeIgniter\CodeIgniter))
 8 FCPATH\index.php(56): CodeIgniter\Boot::bootWeb(Object(Config\Paths))
CRITICAL - 2024-04-19 12:28:07 --> TypeError: view(): Argument #2 ($data) must be of type array, bool given, called in C:\xampp\htdocs\erp-app\app\Controllers\BaseController.php on line 70
[Method: GET, Route: /]
in SYSTEMPATH\Common.php on line 1159.
 1 APPPATH\Controllers\BaseController.php(70): view('user/home', false)
 2 APPPATH\Controllers\UserController.php(13): App\Controllers\BaseController->randerPage('user/home')
 3 SYSTEMPATH\CodeIgniter.php(933): App\Controllers\UserController->index()
 4 SYSTEMPATH\CodeIgniter.php(509): CodeIgniter\CodeIgniter->runController(Object(App\Controllers\UserController))
 5 SYSTEMPATH\CodeIgniter.php(355): CodeIgniter\CodeIgniter->handleRequest(null, Object(Config\Cache), false)
 6 SYSTEMPATH\Boot.php(312): CodeIgniter\CodeIgniter->run()
 7 SYSTEMPATH\Boot.php(67): CodeIgniter\Boot::runCodeIgniter(Object(CodeIgniter\CodeIgniter))
 8 FCPATH\index.php(56): CodeIgniter\Boot::bootWeb(Object(Config\Paths))
CRITICAL - 2024-04-19 12:28:07 --> TypeError: view(): Argument #2 ($data) must be of type array, bool given, called in C:\xampp\htdocs\erp-app\app\Controllers\BaseController.php on line 70
[Method: GET, Route: /]
in SYSTEMPATH\Common.php on line 1159.
 1 APPPATH\Controllers\BaseController.php(70): view('user/home', false)
 2 APPPATH\Controllers\UserController.php(13): App\Controllers\BaseController->randerPage('user/home')
 3 SYSTEMPATH\CodeIgniter.php(933): App\Controllers\UserController->index()
 4 SYSTEMPATH\CodeIgniter.php(509): CodeIgniter\CodeIgniter->runController(Object(App\Controllers\UserController))
 5 SYSTEMPATH\CodeIgniter.php(355): CodeIgniter\CodeIgniter->handleRequest(null, Object(Config\Cache), false)
 6 SYSTEMPATH\Boot.php(312): CodeIgniter\CodeIgniter->run()
 7 SYSTEMPATH\Boot.php(67): CodeIgniter\Boot::runCodeIgniter(Object(CodeIgniter\CodeIgniter))
 8 FCPATH\index.php(56): CodeIgniter\Boot::bootWeb(Object(Config\Paths))
CRITICAL - 2024-04-19 12:28:07 --> TypeError: view(): Argument #2 ($data) must be of type array, bool given, called in C:\xampp\htdocs\erp-app\app\Controllers\BaseController.php on line 70
[Method: GET, Route: /]
in SYSTEMPATH\Common.php on line 1159.
 1 APPPATH\Controllers\BaseController.php(70): view('user/home', false)
 2 APPPATH\Controllers\UserController.php(13): App\Controllers\BaseController->randerPage('user/home')
 3 SYSTEMPATH\CodeIgniter.php(933): App\Controllers\UserController->index()
 4 SYSTEMPATH\CodeIgniter.php(509): CodeIgniter\CodeIgniter->runController(Object(App\Controllers\UserController))
 5 SYSTEMPATH\CodeIgniter.php(355): CodeIgniter\CodeIgniter->handleRequest(null, Object(Config\Cache), false)
 6 SYSTEMPATH\Boot.php(312): CodeIgniter\CodeIgniter->run()
 7 SYSTEMPATH\Boot.php(67): CodeIgniter\Boot::runCodeIgniter(Object(CodeIgniter\CodeIgniter))
 8 FCPATH\index.php(56): CodeIgniter\Boot::bootWeb(Object(Config\Paths))
CRITICAL - 2024-04-19 12:28:20 --> TypeError: view(): Argument #2 ($data) must be of type array, bool given, called in C:\xampp\htdocs\erp-app\app\Controllers\BaseController.php on line 72
[Method: GET, Route: /]
in SYSTEMPATH\Common.php on line 1159.
 1 APPPATH\Controllers\BaseController.php(72): view('user/home', false)
 2 APPPATH\Controllers\UserController.php(13): App\Controllers\BaseController->randerPage('user/home')
 3 SYSTEMPATH\CodeIgniter.php(933): App\Controllers\UserController->index()
 4 SYSTEMPATH\CodeIgniter.php(509): CodeIgniter\CodeIgniter->runController(Object(App\Controllers\UserController))
 5 SYSTEMPATH\CodeIgniter.php(355): CodeIgniter\CodeIgniter->handleRequest(null, Object(Config\Cache), false)
 6 SYSTEMPATH\Boot.php(312): CodeIgniter\CodeIgniter->run()
 7 SYSTEMPATH\Boot.php(67): CodeIgniter\Boot::runCodeIgniter(Object(CodeIgniter\CodeIgniter))
 8 FCPATH\index.php(56): CodeIgniter\Boot::bootWeb(Object(Config\Paths))
CRITICAL - 2024-04-19 12:28:21 --> TypeError: view(): Argument #2 ($data) must be of type array, bool given, called in C:\xampp\htdocs\erp-app\app\Controllers\BaseController.php on line 72
[Method: GET, Route: /]
in SYSTEMPATH\Common.php on line 1159.
 1 APPPATH\Controllers\BaseController.php(72): view('user/home', false)
 2 APPPATH\Controllers\UserController.php(13): App\Controllers\BaseController->randerPage('user/home')
 3 SYSTEMPATH\CodeIgniter.php(933): App\Controllers\UserController->index()
 4 SYSTEMPATH\CodeIgniter.php(509): CodeIgniter\CodeIgniter->runController(Object(App\Controllers\UserController))
 5 SYSTEMPATH\CodeIgniter.php(355): CodeIgniter\CodeIgniter->handleRequest(null, Object(Config\Cache), false)
 6 SYSTEMPATH\Boot.php(312): CodeIgniter\CodeIgniter->run()
 7 SYSTEMPATH\Boot.php(67): CodeIgniter\Boot::runCodeIgniter(Object(CodeIgniter\CodeIgniter))
 8 FCPATH\index.php(56): CodeIgniter\Boot::bootWeb(Object(Config\Paths))
CRITICAL - 2024-04-19 12:28:21 --> TypeError: view(): Argument #2 ($data) must be of type array, bool given, called in C:\xampp\htdocs\erp-app\app\Controllers\BaseController.php on line 72
[Method: GET, Route: /]
in SYSTEMPATH\Common.php on line 1159.
 1 APPPATH\Controllers\BaseController.php(72): view('user/home', false)
 2 APPPATH\Controllers\UserController.php(13): App\Controllers\BaseController->randerPage('user/home')
 3 SYSTEMPATH\CodeIgniter.php(933): App\Controllers\UserController->index()
 4 SYSTEMPATH\CodeIgniter.php(509): CodeIgniter\CodeIgniter->runController(Object(App\Controllers\UserController))
 5 SYSTEMPATH\CodeIgniter.php(355): CodeIgniter\CodeIgniter->handleRequest(null, Object(Config\Cache), false)
 6 SYSTEMPATH\Boot.php(312): CodeIgniter\CodeIgniter->run()
 7 SYSTEMPATH\Boot.php(67): CodeIgniter\Boot::runCodeIgniter(Object(CodeIgniter\CodeIgniter))
 8 FCPATH\index.php(56): CodeIgniter\Boot::bootWeb(Object(Config\Paths))
CRITICAL - 2024-04-19 12:28:21 --> TypeError: view(): Argument #2 ($data) must be of type array, bool given, called in C:\xampp\htdocs\erp-app\app\Controllers\BaseController.php on line 72
[Method: GET, Route: /]
in SYSTEMPATH\Common.php on line 1159.
 1 APPPATH\Controllers\BaseController.php(72): view('user/home', false)
 2 APPPATH\Controllers\UserController.php(13): App\Controllers\BaseController->randerPage('user/home')
 3 SYSTEMPATH\CodeIgniter.php(933): App\Controllers\UserController->index()
 4 SYSTEMPATH\CodeIgniter.php(509): CodeIgniter\CodeIgniter->runController(Object(App\Controllers\UserController))
 5 SYSTEMPATH\CodeIgniter.php(355): CodeIgniter\CodeIgniter->handleRequest(null, Object(Config\Cache), false)
 6 SYSTEMPATH\Boot.php(312): CodeIgniter\CodeIgniter->run()
 7 SYSTEMPATH\Boot.php(67): CodeIgniter\Boot::runCodeIgniter(Object(CodeIgniter\CodeIgniter))
 8 FCPATH\index.php(56): CodeIgniter\Boot::bootWeb(Object(Config\Paths))
CRITICAL - 2024-04-19 12:28:21 --> TypeError: view(): Argument #2 ($data) must be of type array, bool given, called in C:\xampp\htdocs\erp-app\app\Controllers\BaseController.php on line 72
[Method: GET, Route: /]
in SYSTEMPATH\Common.php on line 1159.
 1 APPPATH\Controllers\BaseController.php(72): view('user/home', false)
 2 APPPATH\Controllers\UserController.php(13): App\Controllers\BaseController->randerPage('user/home')
 3 SYSTEMPATH\CodeIgniter.php(933): App\Controllers\UserController->index()
 4 SYSTEMPATH\CodeIgniter.php(509): CodeIgniter\CodeIgniter->runController(Object(App\Controllers\UserController))
 5 SYSTEMPATH\CodeIgniter.php(355): CodeIgniter\CodeIgniter->handleRequest(null, Object(Config\Cache), false)
 6 SYSTEMPATH\Boot.php(312): CodeIgniter\CodeIgniter->run()
 7 SYSTEMPATH\Boot.php(67): CodeIgniter\Boot::runCodeIgniter(Object(CodeIgniter\CodeIgniter))
 8 FCPATH\index.php(56): CodeIgniter\Boot::bootWeb(Object(Config\Paths))
CRITICAL - 2024-04-19 12:29:02 --> TypeError: view(): Argument #2 ($data) must be of type array, bool given, called in C:\xampp\htdocs\erp-app\app\Controllers\BaseController.php on line 72
[Method: GET, Route: /]
in SYSTEMPATH\Common.php on line 1159.
 1 APPPATH\Controllers\BaseController.php(72): view('user/home', false)
 2 APPPATH\Controllers\UserController.php(13): App\Controllers\BaseController->randerPage('user/home')
 3 SYSTEMPATH\CodeIgniter.php(933): App\Controllers\UserController->index()
 4 SYSTEMPATH\CodeIgniter.php(509): CodeIgniter\CodeIgniter->runController(Object(App\Controllers\UserController))
 5 SYSTEMPATH\CodeIgniter.php(355): CodeIgniter\CodeIgniter->handleRequest(null, Object(Config\Cache), false)
 6 SYSTEMPATH\Boot.php(312): CodeIgniter\CodeIgniter->run()
 7 SYSTEMPATH\Boot.php(67): CodeIgniter\Boot::runCodeIgniter(Object(CodeIgniter\CodeIgniter))
 8 FCPATH\index.php(56): CodeIgniter\Boot::bootWeb(Object(Config\Paths))
CRITICAL - 2024-04-19 12:29:03 --> TypeError: view(): Argument #2 ($data) must be of type array, bool given, called in C:\xampp\htdocs\erp-app\app\Controllers\BaseController.php on line 72
[Method: GET, Route: /]
in SYSTEMPATH\Common.php on line 1159.
 1 APPPATH\Controllers\BaseController.php(72): view('user/home', false)
 2 APPPATH\Controllers\UserController.php(13): App\Controllers\BaseController->randerPage('user/home')
 3 SYSTEMPATH\CodeIgniter.php(933): App\Controllers\UserController->index()
 4 SYSTEMPATH\CodeIgniter.php(509): CodeIgniter\CodeIgniter->runController(Object(App\Controllers\UserController))
 5 SYSTEMPATH\CodeIgniter.php(355): CodeIgniter\CodeIgniter->handleRequest(null, Object(Config\Cache), false)
 6 SYSTEMPATH\Boot.php(312): CodeIgniter\CodeIgniter->run()
 7 SYSTEMPATH\Boot.php(67): CodeIgniter\Boot::runCodeIgniter(Object(CodeIgniter\CodeIgniter))
 8 FCPATH\index.php(56): CodeIgniter\Boot::bootWeb(Object(Config\Paths))
CRITICAL - 2024-04-19 12:29:03 --> TypeError: view(): Argument #2 ($data) must be of type array, bool given, called in C:\xampp\htdocs\erp-app\app\Controllers\BaseController.php on line 72
[Method: GET, Route: /]
in SYSTEMPATH\Common.php on line 1159.
 1 APPPATH\Controllers\BaseController.php(72): view('user/home', false)
 2 APPPATH\Controllers\UserController.php(13): App\Controllers\BaseController->randerPage('user/home')
 3 SYSTEMPATH\CodeIgniter.php(933): App\Controllers\UserController->index()
 4 SYSTEMPATH\CodeIgniter.php(509): CodeIgniter\CodeIgniter->runController(Object(App\Controllers\UserController))
 5 SYSTEMPATH\CodeIgniter.php(355): CodeIgniter\CodeIgniter->handleRequest(null, Object(Config\Cache), false)
 6 SYSTEMPATH\Boot.php(312): CodeIgniter\CodeIgniter->run()
 7 SYSTEMPATH\Boot.php(67): CodeIgniter\Boot::runCodeIgniter(Object(CodeIgniter\CodeIgniter))
 8 FCPATH\index.php(56): CodeIgniter\Boot::bootWeb(Object(Config\Paths))
CRITICAL - 2024-04-19 12:29:04 --> TypeError: view(): Argument #2 ($data) must be of type array, bool given, called in C:\xampp\htdocs\erp-app\app\Controllers\BaseController.php on line 72
[Method: GET, Route: /]
in SYSTEMPATH\Common.php on line 1159.
 1 APPPATH\Controllers\BaseController.php(72): view('user/home', false)
 2 APPPATH\Controllers\UserController.php(13): App\Controllers\BaseController->randerPage('user/home')
 3 SYSTEMPATH\CodeIgniter.php(933): App\Controllers\UserController->index()
 4 SYSTEMPATH\CodeIgniter.php(509): CodeIgniter\CodeIgniter->runController(Object(App\Controllers\UserController))
 5 SYSTEMPATH\CodeIgniter.php(355): CodeIgniter\CodeIgniter->handleRequest(null, Object(Config\Cache), false)
 6 SYSTEMPATH\Boot.php(312): CodeIgniter\CodeIgniter->run()
 7 SYSTEMPATH\Boot.php(67): CodeIgniter\Boot::runCodeIgniter(Object(CodeIgniter\CodeIgniter))
 8 FCPATH\index.php(56): CodeIgniter\Boot::bootWeb(Object(Config\Paths))
CRITICAL - 2024-04-19 12:29:04 --> TypeError: view(): Argument #2 ($data) must be of type array, bool given, called in C:\xampp\htdocs\erp-app\app\Controllers\BaseController.php on line 72
[Method: GET, Route: /]
in SYSTEMPATH\Common.php on line 1159.
 1 APPPATH\Controllers\BaseController.php(72): view('user/home', false)
 2 APPPATH\Controllers\UserController.php(13): App\Controllers\BaseController->randerPage('user/home')
 3 SYSTEMPATH\CodeIgniter.php(933): App\Controllers\UserController->index()
 4 SYSTEMPATH\CodeIgniter.php(509): CodeIgniter\CodeIgniter->runController(Object(App\Controllers\UserController))
 5 SYSTEMPATH\CodeIgniter.php(355): CodeIgniter\CodeIgniter->handleRequest(null, Object(Config\Cache), false)
 6 SYSTEMPATH\Boot.php(312): CodeIgniter\CodeIgniter->run()
 7 SYSTEMPATH\Boot.php(67): CodeIgniter\Boot::runCodeIgniter(Object(CodeIgniter\CodeIgniter))
 8 FCPATH\index.php(56): CodeIgniter\Boot::bootWeb(Object(Config\Paths))
CRITICAL - 2024-04-19 12:29:04 --> TypeError: view(): Argument #2 ($data) must be of type array, bool given, called in C:\xampp\htdocs\erp-app\app\Controllers\BaseController.php on line 72
[Method: GET, Route: /]
in SYSTEMPATH\Common.php on line 1159.
 1 APPPATH\Controllers\BaseController.php(72): view('user/home', false)
 2 APPPATH\Controllers\UserController.php(13): App\Controllers\BaseController->randerPage('user/home')
 3 SYSTEMPATH\CodeIgniter.php(933): App\Controllers\UserController->index()
 4 SYSTEMPATH\CodeIgniter.php(509): CodeIgniter\CodeIgniter->runController(Object(App\Controllers\UserController))
 5 SYSTEMPATH\CodeIgniter.php(355): CodeIgniter\CodeIgniter->handleRequest(null, Object(Config\Cache), false)
 6 SYSTEMPATH\Boot.php(312): CodeIgniter\CodeIgniter->run()
 7 SYSTEMPATH\Boot.php(67): CodeIgniter\Boot::runCodeIgniter(Object(CodeIgniter\CodeIgniter))
 8 FCPATH\index.php(56): CodeIgniter\Boot::bootWeb(Object(Config\Paths))
CRITICAL - 2024-04-19 12:29:04 --> TypeError: view(): Argument #2 ($data) must be of type array, bool given, called in C:\xampp\htdocs\erp-app\app\Controllers\BaseController.php on line 72
[Method: GET, Route: /]
in SYSTEMPATH\Common.php on line 1159.
 1 APPPATH\Controllers\BaseController.php(72): view('user/home', false)
 2 APPPATH\Controllers\UserController.php(13): App\Controllers\BaseController->randerPage('user/home')
 3 SYSTEMPATH\CodeIgniter.php(933): App\Controllers\UserController->index()
 4 SYSTEMPATH\CodeIgniter.php(509): CodeIgniter\CodeIgniter->runController(Object(App\Controllers\UserController))
 5 SYSTEMPATH\CodeIgniter.php(355): CodeIgniter\CodeIgniter->handleRequest(null, Object(Config\Cache), false)
 6 SYSTEMPATH\Boot.php(312): CodeIgniter\CodeIgniter->run()
 7 SYSTEMPATH\Boot.php(67): CodeIgniter\Boot::runCodeIgniter(Object(CodeIgniter\CodeIgniter))
 8 FCPATH\index.php(56): CodeIgniter\Boot::bootWeb(Object(Config\Paths))
CRITICAL - 2024-04-19 12:32:27 --> TypeError: view(): Argument #2 ($data) must be of type array, bool given, called in C:\xampp\htdocs\erp-app\app\Controllers\BaseController.php on line 73
[Method: GET, Route: /]
in SYSTEMPATH\Common.php on line 1159.
 1 APPPATH\Controllers\BaseController.php(73): view('user/home', false)
 2 APPPATH\Controllers\UserController.php(13): App\Controllers\BaseController->randerPage('user/home')
 3 SYSTEMPATH\CodeIgniter.php(933): App\Controllers\UserController->index()
 4 SYSTEMPATH\CodeIgniter.php(509): CodeIgniter\CodeIgniter->runController(Object(App\Controllers\UserController))
 5 SYSTEMPATH\CodeIgniter.php(355): CodeIgniter\CodeIgniter->handleRequest(null, Object(Config\Cache), false)
 6 SYSTEMPATH\Boot.php(312): CodeIgniter\CodeIgniter->run()
 7 SYSTEMPATH\Boot.php(67): CodeIgniter\Boot::runCodeIgniter(Object(CodeIgniter\CodeIgniter))
 8 FCPATH\index.php(56): CodeIgniter\Boot::bootWeb(Object(Config\Paths))
CRITICAL - 2024-04-19 12:32:28 --> TypeError: view(): Argument #2 ($data) must be of type array, bool given, called in C:\xampp\htdocs\erp-app\app\Controllers\BaseController.php on line 73
[Method: GET, Route: /]
in SYSTEMPATH\Common.php on line 1159.
 1 APPPATH\Controllers\BaseController.php(73): view('user/home', false)
 2 APPPATH\Controllers\UserController.php(13): App\Controllers\BaseController->randerPage('user/home')
 3 SYSTEMPATH\CodeIgniter.php(933): App\Controllers\UserController->index()
 4 SYSTEMPATH\CodeIgniter.php(509): CodeIgniter\CodeIgniter->runController(Object(App\Controllers\UserController))
 5 SYSTEMPATH\CodeIgniter.php(355): CodeIgniter\CodeIgniter->handleRequest(null, Object(Config\Cache), false)
 6 SYSTEMPATH\Boot.php(312): CodeIgniter\CodeIgniter->run()
 7 SYSTEMPATH\Boot.php(67): CodeIgniter\Boot::runCodeIgniter(Object(CodeIgniter\CodeIgniter))
 8 FCPATH\index.php(56): CodeIgniter\Boot::bootWeb(Object(Config\Paths))
CRITICAL - 2024-04-19 12:32:28 --> TypeError: view(): Argument #2 ($data) must be of type array, bool given, called in C:\xampp\htdocs\erp-app\app\Controllers\BaseController.php on line 73
[Method: GET, Route: /]
in SYSTEMPATH\Common.php on line 1159.
 1 APPPATH\Controllers\BaseController.php(73): view('user/home', false)
 2 APPPATH\Controllers\UserController.php(13): App\Controllers\BaseController->randerPage('user/home')
 3 SYSTEMPATH\CodeIgniter.php(933): App\Controllers\UserController->index()
 4 SYSTEMPATH\CodeIgniter.php(509): CodeIgniter\CodeIgniter->runController(Object(App\Controllers\UserController))
 5 SYSTEMPATH\CodeIgniter.php(355): CodeIgniter\CodeIgniter->handleRequest(null, Object(Config\Cache), false)
 6 SYSTEMPATH\Boot.php(312): CodeIgniter\CodeIgniter->run()
 7 SYSTEMPATH\Boot.php(67): CodeIgniter\Boot::runCodeIgniter(Object(CodeIgniter\CodeIgniter))
 8 FCPATH\index.php(56): CodeIgniter\Boot::bootWeb(Object(Config\Paths))
CRITICAL - 2024-04-19 12:32:28 --> TypeError: view(): Argument #2 ($data) must be of type array, bool given, called in C:\xampp\htdocs\erp-app\app\Controllers\BaseController.php on line 73
[Method: GET, Route: /]
in SYSTEMPATH\Common.php on line 1159.
 1 APPPATH\Controllers\BaseController.php(73): view('user/home', false)
 2 APPPATH\Controllers\UserController.php(13): App\Controllers\BaseController->randerPage('user/home')
 3 SYSTEMPATH\CodeIgniter.php(933): App\Controllers\UserController->index()
 4 SYSTEMPATH\CodeIgniter.php(509): CodeIgniter\CodeIgniter->runController(Object(App\Controllers\UserController))
 5 SYSTEMPATH\CodeIgniter.php(355): CodeIgniter\CodeIgniter->handleRequest(null, Object(Config\Cache), false)
 6 SYSTEMPATH\Boot.php(312): CodeIgniter\CodeIgniter->run()
 7 SYSTEMPATH\Boot.php(67): CodeIgniter\Boot::runCodeIgniter(Object(CodeIgniter\CodeIgniter))
 8 FCPATH\index.php(56): CodeIgniter\Boot::bootWeb(Object(Config\Paths))
CRITICAL - 2024-04-19 12:32:29 --> TypeError: view(): Argument #2 ($data) must be of type array, bool given, called in C:\xampp\htdocs\erp-app\app\Controllers\BaseController.php on line 73
[Method: GET, Route: /]
in SYSTEMPATH\Common.php on line 1159.
 1 APPPATH\Controllers\BaseController.php(73): view('user/home', false)
 2 APPPATH\Controllers\UserController.php(13): App\Controllers\BaseController->randerPage('user/home')
 3 SYSTEMPATH\CodeIgniter.php(933): App\Controllers\UserController->index()
 4 SYSTEMPATH\CodeIgniter.php(509): CodeIgniter\CodeIgniter->runController(Object(App\Controllers\UserController))
 5 SYSTEMPATH\CodeIgniter.php(355): CodeIgniter\CodeIgniter->handleRequest(null, Object(Config\Cache), false)
 6 SYSTEMPATH\Boot.php(312): CodeIgniter\CodeIgniter->run()
 7 SYSTEMPATH\Boot.php(67): CodeIgniter\Boot::runCodeIgniter(Object(CodeIgniter\CodeIgniter))
 8 FCPATH\index.php(56): CodeIgniter\Boot::bootWeb(Object(Config\Paths))
CRITICAL - 2024-04-19 12:32:29 --> TypeError: view(): Argument #2 ($data) must be of type array, bool given, called in C:\xampp\htdocs\erp-app\app\Controllers\BaseController.php on line 73
[Method: GET, Route: /]
in SYSTEMPATH\Common.php on line 1159.
 1 APPPATH\Controllers\BaseController.php(73): view('user/home', false)
 2 APPPATH\Controllers\UserController.php(13): App\Controllers\BaseController->randerPage('user/home')
 3 SYSTEMPATH\CodeIgniter.php(933): App\Controllers\UserController->index()
 4 SYSTEMPATH\CodeIgniter.php(509): CodeIgniter\CodeIgniter->runController(Object(App\Controllers\UserController))
 5 SYSTEMPATH\CodeIgniter.php(355): CodeIgniter\CodeIgniter->handleRequest(null, Object(Config\Cache), false)
 6 SYSTEMPATH\Boot.php(312): CodeIgniter\CodeIgniter->run()
 7 SYSTEMPATH\Boot.php(67): CodeIgniter\Boot::runCodeIgniter(Object(CodeIgniter\CodeIgniter))
 8 FCPATH\index.php(56): CodeIgniter\Boot::bootWeb(Object(Config\Paths))
CRITICAL - 2024-04-19 12:32:49 --> TypeError: view(): Argument #2 ($data) must be of type array, bool given, called in C:\xampp\htdocs\erp-app\app\Controllers\BaseController.php on line 73
[Method: GET, Route: /]
in SYSTEMPATH\Common.php on line 1159.
 1 APPPATH\Controllers\BaseController.php(73): view('user/home', false)
 2 APPPATH\Controllers\UserController.php(13): App\Controllers\BaseController->randerPage('user/home')
 3 SYSTEMPATH\CodeIgniter.php(933): App\Controllers\UserController->index()
 4 SYSTEMPATH\CodeIgniter.php(509): CodeIgniter\CodeIgniter->runController(Object(App\Controllers\UserController))
 5 SYSTEMPATH\CodeIgniter.php(355): CodeIgniter\CodeIgniter->handleRequest(null, Object(Config\Cache), false)
 6 SYSTEMPATH\Boot.php(312): CodeIgniter\CodeIgniter->run()
 7 SYSTEMPATH\Boot.php(67): CodeIgniter\Boot::runCodeIgniter(Object(CodeIgniter\CodeIgniter))
 8 FCPATH\index.php(56): CodeIgniter\Boot::bootWeb(Object(Config\Paths))
CRITICAL - 2024-04-19 12:32:50 --> TypeError: view(): Argument #2 ($data) must be of type array, bool given, called in C:\xampp\htdocs\erp-app\app\Controllers\BaseController.php on line 73
[Method: GET, Route: /]
in SYSTEMPATH\Common.php on line 1159.
 1 APPPATH\Controllers\BaseController.php(73): view('user/home', false)
 2 APPPATH\Controllers\UserController.php(13): App\Controllers\BaseController->randerPage('user/home')
 3 SYSTEMPATH\CodeIgniter.php(933): App\Controllers\UserController->index()
 4 SYSTEMPATH\CodeIgniter.php(509): CodeIgniter\CodeIgniter->runController(Object(App\Controllers\UserController))
 5 SYSTEMPATH\CodeIgniter.php(355): CodeIgniter\CodeIgniter->handleRequest(null, Object(Config\Cache), false)
 6 SYSTEMPATH\Boot.php(312): CodeIgniter\CodeIgniter->run()
 7 SYSTEMPATH\Boot.php(67): CodeIgniter\Boot::runCodeIgniter(Object(CodeIgniter\CodeIgniter))
 8 FCPATH\index.php(56): CodeIgniter\Boot::bootWeb(Object(Config\Paths))
CRITICAL - 2024-04-19 12:32:55 --> TypeError: view(): Argument #2 ($data) must be of type array, bool given, called in C:\xampp\htdocs\erp-app\app\Controllers\BaseController.php on line 73
[Method: GET, Route: /]
in SYSTEMPATH\Common.php on line 1159.
 1 APPPATH\Controllers\BaseController.php(73): view('user/home', false)
 2 APPPATH\Controllers\UserController.php(13): App\Controllers\BaseController->randerPage('user/home')
 3 SYSTEMPATH\CodeIgniter.php(933): App\Controllers\UserController->index()
 4 SYSTEMPATH\CodeIgniter.php(509): CodeIgniter\CodeIgniter->runController(Object(App\Controllers\UserController))
 5 SYSTEMPATH\CodeIgniter.php(355): CodeIgniter\CodeIgniter->handleRequest(null, Object(Config\Cache), false)
 6 SYSTEMPATH\Boot.php(312): CodeIgniter\CodeIgniter->run()
 7 SYSTEMPATH\Boot.php(67): CodeIgniter\Boot::runCodeIgniter(Object(CodeIgniter\CodeIgniter))
 8 FCPATH\index.php(56): CodeIgniter\Boot::bootWeb(Object(Config\Paths))
CRITICAL - 2024-04-19 12:32:55 --> TypeError: view(): Argument #2 ($data) must be of type array, bool given, called in C:\xampp\htdocs\erp-app\app\Controllers\BaseController.php on line 73
[Method: GET, Route: /]
in SYSTEMPATH\Common.php on line 1159.
 1 APPPATH\Controllers\BaseController.php(73): view('user/home', false)
 2 APPPATH\Controllers\UserController.php(13): App\Controllers\BaseController->randerPage('user/home')
 3 SYSTEMPATH\CodeIgniter.php(933): App\Controllers\UserController->index()
 4 SYSTEMPATH\CodeIgniter.php(509): CodeIgniter\CodeIgniter->runController(Object(App\Controllers\UserController))
 5 SYSTEMPATH\CodeIgniter.php(355): CodeIgniter\CodeIgniter->handleRequest(null, Object(Config\Cache), false)
 6 SYSTEMPATH\Boot.php(312): CodeIgniter\CodeIgniter->run()
 7 SYSTEMPATH\Boot.php(67): CodeIgniter\Boot::runCodeIgniter(Object(CodeIgniter\CodeIgniter))
 8 FCPATH\index.php(56): CodeIgniter\Boot::bootWeb(Object(Config\Paths))
CRITICAL - 2024-04-19 12:32:55 --> TypeError: view(): Argument #2 ($data) must be of type array, bool given, called in C:\xampp\htdocs\erp-app\app\Controllers\BaseController.php on line 73
[Method: GET, Route: /]
in SYSTEMPATH\Common.php on line 1159.
 1 APPPATH\Controllers\BaseController.php(73): view('user/home', false)
 2 APPPATH\Controllers\UserController.php(13): App\Controllers\BaseController->randerPage('user/home')
 3 SYSTEMPATH\CodeIgniter.php(933): App\Controllers\UserController->index()
 4 SYSTEMPATH\CodeIgniter.php(509): CodeIgniter\CodeIgniter->runController(Object(App\Controllers\UserController))
 5 SYSTEMPATH\CodeIgniter.php(355): CodeIgniter\CodeIgniter->handleRequest(null, Object(Config\Cache), false)
 6 SYSTEMPATH\Boot.php(312): CodeIgniter\CodeIgniter->run()
 7 SYSTEMPATH\Boot.php(67): CodeIgniter\Boot::runCodeIgniter(Object(CodeIgniter\CodeIgniter))
 8 FCPATH\index.php(56): CodeIgniter\Boot::bootWeb(Object(Config\Paths))
CRITICAL - 2024-04-19 12:33:58 --> TypeError: view(): Argument #2 ($data) must be of type array, bool given, called in C:\xampp\htdocs\erp-app\app\Controllers\BaseController.php on line 73
[Method: GET, Route: /]
in SYSTEMPATH\Common.php on line 1159.
 1 APPPATH\Controllers\BaseController.php(73): view('user/home', false)
 2 APPPATH\Controllers\UserController.php(13): App\Controllers\BaseController->randerPage('user/home')
 3 SYSTEMPATH\CodeIgniter.php(933): App\Controllers\UserController->index()
 4 SYSTEMPATH\CodeIgniter.php(509): CodeIgniter\CodeIgniter->runController(Object(App\Controllers\UserController))
 5 SYSTEMPATH\CodeIgniter.php(355): CodeIgniter\CodeIgniter->handleRequest(null, Object(Config\Cache), false)
 6 SYSTEMPATH\Boot.php(312): CodeIgniter\CodeIgniter->run()
 7 SYSTEMPATH\Boot.php(67): CodeIgniter\Boot::runCodeIgniter(Object(CodeIgniter\CodeIgniter))
 8 FCPATH\index.php(56): CodeIgniter\Boot::bootWeb(Object(Config\Paths))
CRITICAL - 2024-04-19 12:33:59 --> TypeError: view(): Argument #2 ($data) must be of type array, bool given, called in C:\xampp\htdocs\erp-app\app\Controllers\BaseController.php on line 73
[Method: GET, Route: /]
in SYSTEMPATH\Common.php on line 1159.
 1 APPPATH\Controllers\BaseController.php(73): view('user/home', false)
 2 APPPATH\Controllers\UserController.php(13): App\Controllers\BaseController->randerPage('user/home')
 3 SYSTEMPATH\CodeIgniter.php(933): App\Controllers\UserController->index()
 4 SYSTEMPATH\CodeIgniter.php(509): CodeIgniter\CodeIgniter->runController(Object(App\Controllers\UserController))
 5 SYSTEMPATH\CodeIgniter.php(355): CodeIgniter\CodeIgniter->handleRequest(null, Object(Config\Cache), false)
 6 SYSTEMPATH\Boot.php(312): CodeIgniter\CodeIgniter->run()
 7 SYSTEMPATH\Boot.php(67): CodeIgniter\Boot::runCodeIgniter(Object(CodeIgniter\CodeIgniter))
 8 FCPATH\index.php(56): CodeIgniter\Boot::bootWeb(Object(Config\Paths))
CRITICAL - 2024-04-19 12:34:12 --> TypeError: view(): Argument #2 ($data) must be of type array, bool given, called in C:\xampp\htdocs\erp-app\app\Controllers\BaseController.php on line 73
[Method: GET, Route: /]
in SYSTEMPATH\Common.php on line 1159.
 1 APPPATH\Controllers\BaseController.php(73): view('user/home', false)
 2 APPPATH\Controllers\UserController.php(13): App\Controllers\BaseController->randerPage('user/home', false)
 3 SYSTEMPATH\CodeIgniter.php(933): App\Controllers\UserController->index()
 4 SYSTEMPATH\CodeIgniter.php(509): CodeIgniter\CodeIgniter->runController(Object(App\Controllers\UserController))
 5 SYSTEMPATH\CodeIgniter.php(355): CodeIgniter\CodeIgniter->handleRequest(null, Object(Config\Cache), false)
 6 SYSTEMPATH\Boot.php(312): CodeIgniter\CodeIgniter->run()
 7 SYSTEMPATH\Boot.php(67): CodeIgniter\Boot::runCodeIgniter(Object(CodeIgniter\CodeIgniter))
 8 FCPATH\index.php(56): CodeIgniter\Boot::bootWeb(Object(Config\Paths))
CRITICAL - 2024-04-19 12:34:13 --> TypeError: view(): Argument #2 ($data) must be of type array, bool given, called in C:\xampp\htdocs\erp-app\app\Controllers\BaseController.php on line 73
[Method: GET, Route: /]
in SYSTEMPATH\Common.php on line 1159.
 1 APPPATH\Controllers\BaseController.php(73): view('user/home', false)
 2 APPPATH\Controllers\UserController.php(13): App\Controllers\BaseController->randerPage('user/home', false)
 3 SYSTEMPATH\CodeIgniter.php(933): App\Controllers\UserController->index()
 4 SYSTEMPATH\CodeIgniter.php(509): CodeIgniter\CodeIgniter->runController(Object(App\Controllers\UserController))
 5 SYSTEMPATH\CodeIgniter.php(355): CodeIgniter\CodeIgniter->handleRequest(null, Object(Config\Cache), false)
 6 SYSTEMPATH\Boot.php(312): CodeIgniter\CodeIgniter->run()
 7 SYSTEMPATH\Boot.php(67): CodeIgniter\Boot::runCodeIgniter(Object(CodeIgniter\CodeIgniter))
 8 FCPATH\index.php(56): CodeIgniter\Boot::bootWeb(Object(Config\Paths))
CRITICAL - 2024-04-19 12:34:13 --> TypeError: view(): Argument #2 ($data) must be of type array, bool given, called in C:\xampp\htdocs\erp-app\app\Controllers\BaseController.php on line 73
[Method: GET, Route: /]
in SYSTEMPATH\Common.php on line 1159.
 1 APPPATH\Controllers\BaseController.php(73): view('user/home', false)
 2 APPPATH\Controllers\UserController.php(13): App\Controllers\BaseController->randerPage('user/home', false)
 3 SYSTEMPATH\CodeIgniter.php(933): App\Controllers\UserController->index()
 4 SYSTEMPATH\CodeIgniter.php(509): CodeIgniter\CodeIgniter->runController(Object(App\Controllers\UserController))
 5 SYSTEMPATH\CodeIgniter.php(355): CodeIgniter\CodeIgniter->handleRequest(null, Object(Config\Cache), false)
 6 SYSTEMPATH\Boot.php(312): CodeIgniter\CodeIgniter->run()
 7 SYSTEMPATH\Boot.php(67): CodeIgniter\Boot::runCodeIgniter(Object(CodeIgniter\CodeIgniter))
 8 FCPATH\index.php(56): CodeIgniter\Boot::bootWeb(Object(Config\Paths))
